#
# There is insufficient memory for the Java Runtime Environment to continue.
# Native memory allocation (malloc) failed to allocate 2330576 bytes for Chunk::new
# Possible reasons:
#   The system is out of physical RAM or swap space
#   The process is running with CompressedOops enabled, and the Java Heap may be blocking the growth of the native heap
# Possible solutions:
#   Reduce memory load on the system
#   Increase physical memory or swap space
#   Check if swap backing store is full
#   Decrease Java heap size (-Xmx/-Xms)
#   Decrease number of Java threads
#   Decrease Java thread stack sizes (-Xss)
#   Set larger code cache with -XX:ReservedCodeCacheSize=
#   JVM is running with Unscaled Compressed Oops mode in which the Java heap is
#     placed in the first 4GB address space. The Java Heap base address is the
#     maximum limit for the native heap growth. Please use -XX:HeapBaseMinAddress
#     to set the Java Heap base and to place the Java Heap above 4GB virtual address.
# This output file may be truncated or incomplete.
#
#  Out of Memory Error (./src/hotspot/share/memory/arena.cpp:197), pid=5956, tid=4548
#
# JRE version: OpenJDK Runtime Environment (11.0.12+7) (build 11.0.12+7-b1504.28-7817840)
# Java VM: OpenJDK 64-Bit Server VM (11.0.12+7-b1504.28-7817840, mixed mode, tiered, compressed oops, g1 gc, windows-amd64)
# No core dump will be written. Minidumps are not enabled by default on client versions of Windows
#

---------------  S U M M A R Y ------------

Command Line: --add-opens=java.base/java.util=ALL-UNNAMED --add-opens=java.base/java.lang=ALL-UNNAMED --add-opens=java.base/java.lang.invoke=ALL-UNNAMED --add-opens=java.prefs/java.util.prefs=ALL-UNNAMED -Xmx1536M -Dfile.encoding=windows-1252 -Duser.country=US -Duser.language=en -Duser.variant org.gradle.launcher.daemon.bootstrap.GradleDaemon 5.4.1

Host: AMD Ryzen 3 3250U with Radeon Graphics         , 4 cores, 5G,  Windows 10 , 64 bit Build 19041 (10.0.19041.1889)
Time: Sun Oct 16 19:38:58 2022 SE Asia Standard Time elapsed time: 8081.331694 seconds (0d 2h 14m 41s)

---------------  T H R E A D  ---------------

Current thread (0x00000228baf77000):  JavaThread "C2 CompilerThread0" daemon [_thread_in_native, id=4548, stack(0x00000042a4600000,0x00000042a4700000)]


Current CompileTask:
C2:8081331 14341   !   4       org.codehaus.groovy.runtime.metaclass.ClosureMetaClass::invokeMethod (872 bytes)

Stack: [0x00000042a4600000,0x00000042a4700000]
Native frames: (J=compiled Java code, j=interpreted, Vv=VM code, C=native code)
V  [jvm.dll+0x5fbcea]
V  [jvm.dll+0x731905]
V  [jvm.dll+0x732f1d]
V  [jvm.dll+0x7335d3]
V  [jvm.dll+0x247bf8]
V  [jvm.dll+0xc018c]
V  [jvm.dll+0xc06cc]
V  [jvm.dll+0x35b2db]
V  [jvm.dll+0x19d0bc]
V  [jvm.dll+0x20070e]
V  [jvm.dll+0x1ff794]
V  [jvm.dll+0x18868c]
V  [jvm.dll+0x20e0d7]
V  [jvm.dll+0x20c901]
V  [jvm.dll+0x6f9b7f]
V  [jvm.dll+0x6f26a5]
V  [jvm.dll+0x5fabf6]
C  [ucrtbase.dll+0x21bb2]
C  [KERNEL32.DLL+0x17034]
C  [ntdll.dll+0x526a1]


---------------  P R O C E S S  ---------------

Threads class SMR info:
_java_thread_list=0x00000228be4dfd10, length=42, elements={
0x00000228a267d800, 0x00000228baf53000, 0x00000228baf54000, 0x00000228baf70800,
0x00000228baf72000, 0x00000228baf74000, 0x00000228baf77000, 0x00000228baf7b800,
0x00000228baf7d000, 0x00000228bba46000, 0x00000228bce2c800, 0x00000228bc7b1800,
0x00000228bc820000, 0x00000228bc34f000, 0x00000228bc34b800, 0x00000228bc34e000,
0x00000228bfbdb800, 0x00000228bfbde800, 0x00000228bfbe2800, 0x00000228c22d0800,
0x00000228c22d3000, 0x00000228c22d4000, 0x00000228c22cf000, 0x00000228c22d1800,
0x00000228c22ce800, 0x00000228c22d0000, 0x00000228c22d9000, 0x00000228c22d5000,
0x00000228c22d6800, 0x00000228c22d7800, 0x00000228c22d9800, 0x00000228c22da800,
0x00000228c22d5800, 0x00000228c22d8000, 0x00000228c22dc000, 0x00000228c22dd000,
0x00000228bfbe0000, 0x00000228bfbdd000, 0x00000228bfbe3800, 0x00000228bfbe1000,
0x00000228bfbde000, 0x00000228bfbdf800
}

Java Threads: ( => current thread )
  0x00000228a267d800 JavaThread "main" [_thread_blocked, id=1936, stack(0x00000042a3a00000,0x00000042a3b00000)]
  0x00000228baf53000 JavaThread "Reference Handler" daemon [_thread_blocked, id=5360, stack(0x00000042a4100000,0x00000042a4200000)]
  0x00000228baf54000 JavaThread "Finalizer" daemon [_thread_blocked, id=8540, stack(0x00000042a4200000,0x00000042a4300000)]
  0x00000228baf70800 JavaThread "Signal Dispatcher" daemon [_thread_blocked, id=14188, stack(0x00000042a4300000,0x00000042a4400000)]
  0x00000228baf72000 JavaThread "Attach Listener" daemon [_thread_blocked, id=6956, stack(0x00000042a4400000,0x00000042a4500000)]
  0x00000228baf74000 JavaThread "Service Thread" daemon [_thread_blocked, id=11452, stack(0x00000042a4500000,0x00000042a4600000)]
=>0x00000228baf77000 JavaThread "C2 CompilerThread0" daemon [_thread_in_native, id=4548, stack(0x00000042a4600000,0x00000042a4700000)]
  0x00000228baf7b800 JavaThread "C1 CompilerThread0" daemon [_thread_blocked, id=13808, stack(0x00000042a4700000,0x00000042a4800000)]
  0x00000228baf7d000 JavaThread "Sweeper thread" daemon [_thread_blocked, id=1384, stack(0x00000042a4800000,0x00000042a4900000)]
  0x00000228bba46000 JavaThread "Common-Cleaner" daemon [_thread_blocked, id=5876, stack(0x00000042a4900000,0x00000042a4a00000)]
  0x00000228bce2c800 JavaThread "Daemon health stats" [_thread_blocked, id=12824, stack(0x00000042a4c00000,0x00000042a4d00000)]
  0x00000228bc7b1800 JavaThread "Incoming local TCP Connector on port 62115" [_thread_in_native, id=1064, stack(0x00000042a4d00000,0x00000042a4e00000)]
  0x00000228bc820000 JavaThread "Daemon periodic checks" [_thread_blocked, id=9232, stack(0x00000042a4e00000,0x00000042a4f00000)]
  0x00000228bc34f000 JavaThread "Cache worker for file hash cache (C:\Users\chris\.gradle\caches\5.4.1\fileHashes)" [_thread_blocked, id=10512, stack(0x00000042a5600000,0x00000042a5700000)]
  0x00000228bc34b800 JavaThread "File lock request listener" [_thread_in_native, id=2756, stack(0x00000042a5700000,0x00000042a5800000)]
  0x00000228bc34e000 JavaThread "Cache worker for journal cache (C:\Users\chris\.gradle\caches\journal-1)" [_thread_blocked, id=10264, stack(0x00000042a5800000,0x00000042a5900000)]
  0x00000228bfbdb800 JavaThread "Cache worker for execution history cache (C:\Users\chris\.gradle\caches\5.4.1\executionHistory)" [_thread_blocked, id=12532, stack(0x00000042a5e00000,0x00000042a5f00000)]
  0x00000228bfbde800 JavaThread "Memory manager" [_thread_blocked, id=1652, stack(0x00000042a6400000,0x00000042a6500000)]
  0x00000228bfbe2800 JavaThread "Cache worker for file content cache (C:\Users\chris\.gradle\caches\5.4.1\fileContent)" [_thread_blocked, id=5008, stack(0x00000042a6700000,0x00000042a6800000)]
  0x00000228c22d0800 JavaThread "Daemon Thread 4" [_thread_blocked, id=10496, stack(0x00000042a3700000,0x00000042a3800000)]
  0x00000228c22d3000 JavaThread "Handler for socket connection from /127.0.0.1:62115 to /127.0.0.1:52384" [_thread_in_native, id=1372, stack(0x00000042a3800000,0x00000042a3900000)]
  0x00000228c22d4000 JavaThread "Cancel handler" [_thread_blocked, id=9584, stack(0x00000042a3900000,0x00000042a3a00000)]
  0x00000228c22cf000 JavaThread "Daemon worker Thread 4" [_thread_blocked, id=1484, stack(0x00000042a4f00000,0x00000042a5000000)]
  0x00000228c22d1800 JavaThread "Asynchronous log dispatcher for DefaultDaemonConnection: socket connection from /127.0.0.1:62115 to /127.0.0.1:52384" [_thread_blocked, id=3464, stack(0x00000042a5000000,0x00000042a5100000)]
  0x00000228c22ce800 JavaThread "Stdin handler" [_thread_blocked, id=5340, stack(0x00000042a5100000,0x00000042a5200000)]
  0x00000228c22d0000 JavaThread "Thread-83" [_thread_blocked, id=2088, stack(0x00000042a5200000,0x00000042a5300000)]
  0x00000228c22d9000 JavaThread "Cache worker for file hash cache (C:\Users\chris\StudioProjects\Clima-Flutter\android\.gradle\5.4.1\fileHashes)" [_thread_blocked, id=13804, stack(0x00000042a5300000,0x00000042a5400000)]
  0x00000228c22d5000 JavaThread "Cache worker for cache directory md-supplier (C:\Users\chris\.gradle\caches\5.4.1\md-supplier)" [_thread_blocked, id=2328, stack(0x00000042a5400000,0x00000042a5500000)]
  0x00000228c22d6800 JavaThread "Cache worker for cache directory md-rule (C:\Users\chris\.gradle\caches\5.4.1\md-rule)" [_thread_blocked, id=9620, stack(0x00000042a5500000,0x00000042a5600000)]
  0x00000228c22d7800 JavaThread "Build operations" [_thread_blocked, id=11716, stack(0x00000042a5b00000,0x00000042a5c00000)]
  0x00000228c22d9800 JavaThread "Build operations Thread 2" [_thread_blocked, id=9920, stack(0x00000042a5c00000,0x00000042a5d00000)]
  0x00000228c22da800 JavaThread "Build operations Thread 3" [_thread_blocked, id=8476, stack(0x00000042a5d00000,0x00000042a5e00000)]
  0x00000228c22d5800 JavaThread "Build operations Thread 4" [_thread_blocked, id=12056, stack(0x00000042a5f00000,0x00000042a6000000)]
  0x00000228c22d8000 JavaThread "Cache worker for Build Output Cleanup Cache (C:\Users\chris\StudioProjects\Clima-Flutter\android\.gradle\buildOutputCleanup)" [_thread_in_native, id=5916, stack(0x00000042a6000000,0x00000042a6100000)]
  0x00000228c22dc000 JavaThread "Cache worker for file content cache (C:\Users\chris\StudioProjects\Clima-Flutter\android\.gradle\5.4.1\fileContent)" [_thread_blocked, id=11980, stack(0x00000042a6100000,0x00000042a6200000)]
  0x00000228c22dd000 JavaThread "Execution worker for ':'" [_thread_blocked, id=7876, stack(0x00000042a6200000,0x00000042a6300000)]
  0x00000228bfbe0000 JavaThread "Execution worker for ':' Thread 2" [_thread_in_Java, id=9944, stack(0x00000042a6300000,0x00000042a6400000)]
  0x00000228bfbdd000 JavaThread "Execution worker for ':' Thread 3" [_thread_blocked, id=7136, stack(0x00000042a6500000,0x00000042a6600000)]
  0x00000228bfbe3800 JavaThread "Cache worker for execution history cache (C:\Users\chris\StudioProjects\Clima-Flutter\android\.gradle\5.4.1\executionHistory)" [_thread_blocked, id=11368, stack(0x00000042a6600000,0x00000042a6700000)]
  0x00000228bfbe1000 JavaThread "Exec process Thread 10" [_thread_blocked, id=3728, stack(0x00000042a6800000,0x00000042a6900000)]
  0x00000228bfbde000 JavaThread "Exec process Thread 11" [_thread_blocked, id=9048, stack(0x00000042a6900000,0x00000042a6a00000)]
  0x00000228bfbdf800 JavaThread "Exec process Thread 12" [_thread_blocked, id=1632, stack(0x00000042a6a00000,0x00000042a6b00000)]

Other Threads:
  0x00000228baf2c000 VMThread "VM Thread" [stack: 0x00000042a4000000,0x00000042a4100000] [id=10012]
  0x00000228bba61800 WatcherThread [stack: 0x00000042a4a00000,0x00000042a4b00000] [id=10368]
  0x00000228a2697800 GCTaskThread "GC Thread#0" [stack: 0x00000042a3b00000,0x00000042a3c00000] [id=9052]
  0x00000228bbfaa000 GCTaskThread "GC Thread#1" [stack: 0x00000042a4b00000,0x00000042a4c00000] [id=9212]
  0x00000228bc125800 GCTaskThread "GC Thread#2" [stack: 0x00000042a5900000,0x00000042a5a00000] [id=10036]
  0x00000228bc408000 GCTaskThread "GC Thread#3" [stack: 0x00000042a5a00000,0x00000042a5b00000] [id=2940]
  0x00000228a26bd000 ConcurrentGCThread "G1 Main Marker" [stack: 0x00000042a3c00000,0x00000042a3d00000] [id=13624]
  0x00000228a26be000 ConcurrentGCThread "G1 Conc#0" [stack: 0x00000042a3d00000,0x00000042a3e00000] [id=14192]
  0x00000228a2733800 ConcurrentGCThread "G1 Refine#0" [stack: 0x00000042a3e00000,0x00000042a3f00000] [id=13592]
  0x00000228a2734800 ConcurrentGCThread "G1 Young RemSet Sampling" [stack: 0x00000042a3f00000,0x00000042a4000000] [id=6824]

Threads with active compile tasks:
C2 CompilerThread08081373 14341   !   4       org.codehaus.groovy.runtime.metaclass.ClosureMetaClass::invokeMethod (872 bytes)

VM state:not at safepoint (normal execution)

VM Mutex/Monitor currently owned by a thread: None

Heap address: 0x00000000a0000000, size: 1536 MB, Compressed Oops mode: 32-bit
Narrow klass base: 0x0000000000000000, Narrow klass shift: 3
Compressed class space size: 1073741824 Address: 0x0000000100000000

Heap:
 garbage-first heap   total 249856K, used 140056K [0x00000000a0000000, 0x0000000100000000)
  region size 1024K, 54 young (55296K), 4 survivors (4096K)
 Metaspace       used 88048K, capacity 90472K, committed 90752K, reserved 1128448K
  class space    used 10982K, capacity 11786K, committed 11904K, reserved 1048576K
Heap Regions: E=young(eden), S=young(survivor), O=old, HS=humongous(starts), HC=humongous(continues), CS=collection set, F=free, A=archive, TAMS=top-at-mark-start (previous, next)
|   0|0x00000000a0000000, 0x00000000a0100000, 0x00000000a0100000|100%| O|  |TAMS 0x00000000a0100000, 0x00000000a0000000| Untracked 
|   1|0x00000000a0100000, 0x00000000a0200000, 0x00000000a0200000|100%| O|  |TAMS 0x00000000a0200000, 0x00000000a0100000| Untracked 
|   2|0x00000000a0200000, 0x00000000a0300000, 0x00000000a0300000|100%|HS|  |TAMS 0x00000000a0300000, 0x00000000a0200000| Complete 
|   3|0x00000000a0300000, 0x00000000a0400000, 0x00000000a0400000|100%|HS|  |TAMS 0x00000000a0400000, 0x00000000a0300000| Complete 
|   4|0x00000000a0400000, 0x00000000a0500000, 0x00000000a0500000|100%|HC|  |TAMS 0x00000000a0500000, 0x00000000a0400000| Complete 
|   5|0x00000000a0500000, 0x00000000a0600000, 0x00000000a0600000|100%| O|  |TAMS 0x00000000a0600000, 0x00000000a0500000| Untracked 
|   6|0x00000000a0600000, 0x00000000a0700000, 0x00000000a0700000|100%| O|  |TAMS 0x00000000a0700000, 0x00000000a0600000| Untracked 
|   7|0x00000000a0700000, 0x00000000a0800000, 0x00000000a0800000|100%| O|  |TAMS 0x00000000a0800000, 0x00000000a0700000| Untracked 
|   8|0x00000000a0800000, 0x00000000a0900000, 0x00000000a0900000|100%| O|  |TAMS 0x00000000a0900000, 0x00000000a0800000| Untracked 
|   9|0x00000000a0900000, 0x00000000a0a00000, 0x00000000a0a00000|100%| O|  |TAMS 0x00000000a0a00000, 0x00000000a0900000| Untracked 
|  10|0x00000000a0a00000, 0x00000000a0b00000, 0x00000000a0b00000|100%| O|  |TAMS 0x00000000a0b00000, 0x00000000a0a00000| Untracked 
|  11|0x00000000a0b00000, 0x00000000a0c00000, 0x00000000a0c00000|100%| O|  |TAMS 0x00000000a0c00000, 0x00000000a0b00000| Untracked 
|  12|0x00000000a0c00000, 0x00000000a0d00000, 0x00000000a0d00000|100%| O|  |TAMS 0x00000000a0d00000, 0x00000000a0c00000| Untracked 
|  13|0x00000000a0d00000, 0x00000000a0e00000, 0x00000000a0e00000|100%| O|  |TAMS 0x00000000a0e00000, 0x00000000a0d00000| Untracked 
|  14|0x00000000a0e00000, 0x00000000a0f00000, 0x00000000a0f00000|100%| O|  |TAMS 0x00000000a0f00000, 0x00000000a0e00000| Untracked 
|  15|0x00000000a0f00000, 0x00000000a1000000, 0x00000000a1000000|100%| O|  |TAMS 0x00000000a1000000, 0x00000000a0f00000| Untracked 
|  16|0x00000000a1000000, 0x00000000a1100000, 0x00000000a1100000|100%| O|  |TAMS 0x00000000a1100000, 0x00000000a1000000| Untracked 
|  17|0x00000000a1100000, 0x00000000a1200000, 0x00000000a1200000|100%| O|  |TAMS 0x00000000a1200000, 0x00000000a1100000| Untracked 
|  18|0x00000000a1200000, 0x00000000a1300000, 0x00000000a1300000|100%| O|  |TAMS 0x00000000a1300000, 0x00000000a1200000| Untracked 
|  19|0x00000000a1300000, 0x00000000a1400000, 0x00000000a1400000|100%| O|  |TAMS 0x00000000a1400000, 0x00000000a1300000| Untracked 
|  20|0x00000000a1400000, 0x00000000a1500000, 0x00000000a1500000|100%| O|  |TAMS 0x00000000a1500000, 0x00000000a1400000| Untracked 
|  21|0x00000000a1500000, 0x00000000a1600000, 0x00000000a1600000|100%|HS|  |TAMS 0x00000000a1600000, 0x00000000a1500000| Complete 
|  22|0x00000000a1600000, 0x00000000a1700000, 0x00000000a1700000|100%|HC|  |TAMS 0x00000000a1700000, 0x00000000a1600000| Complete 
|  23|0x00000000a1700000, 0x00000000a1800000, 0x00000000a1800000|100%| O|  |TAMS 0x00000000a1800000, 0x00000000a1700000| Untracked 
|  24|0x00000000a1800000, 0x00000000a1900000, 0x00000000a1900000|100%| O|  |TAMS 0x00000000a1900000, 0x00000000a1800000| Untracked 
|  25|0x00000000a1900000, 0x00000000a1a00000, 0x00000000a1a00000|100%| O|  |TAMS 0x00000000a1a00000, 0x00000000a1900000| Untracked 
|  26|0x00000000a1a00000, 0x00000000a1b00000, 0x00000000a1b00000|100%| O|  |TAMS 0x00000000a1b00000, 0x00000000a1a00000| Untracked 
|  27|0x00000000a1b00000, 0x00000000a1c00000, 0x00000000a1c00000|100%| O|  |TAMS 0x00000000a1c00000, 0x00000000a1b00000| Untracked 
|  28|0x00000000a1c00000, 0x00000000a1c8f400, 0x00000000a1d00000| 55%| O|  |TAMS 0x00000000a1c00000, 0x00000000a1c00000| Untracked 
|  29|0x00000000a1d00000, 0x00000000a1e00000, 0x00000000a1e00000|100%| O|  |TAMS 0x00000000a1e00000, 0x00000000a1d00000| Untracked 
|  30|0x00000000a1e00000, 0x00000000a1f00000, 0x00000000a1f00000|100%| O|  |TAMS 0x00000000a1f00000, 0x00000000a1e00000| Untracked 
|  31|0x00000000a1f00000, 0x00000000a2000000, 0x00000000a2000000|100%| O|  |TAMS 0x00000000a2000000, 0x00000000a1f00000| Untracked 
|  32|0x00000000a2000000, 0x00000000a2100000, 0x00000000a2100000|100%|HS|  |TAMS 0x00000000a2100000, 0x00000000a2000000| Complete 
|  33|0x00000000a2100000, 0x00000000a2200000, 0x00000000a2200000|100%| O|  |TAMS 0x00000000a2200000, 0x00000000a2100000| Untracked 
|  34|0x00000000a2200000, 0x00000000a2300000, 0x00000000a2300000|100%| O|  |TAMS 0x00000000a2300000, 0x00000000a2200000| Untracked 
|  35|0x00000000a2300000, 0x00000000a2400000, 0x00000000a2400000|100%| O|  |TAMS 0x00000000a2400000, 0x00000000a2300000| Untracked 
|  36|0x00000000a2400000, 0x00000000a2400000, 0x00000000a2500000|  0%| F|  |TAMS 0x00000000a2400000, 0x00000000a2400000| Untracked 
|  37|0x00000000a2500000, 0x00000000a2600000, 0x00000000a2600000|100%| O|  |TAMS 0x00000000a2600000, 0x00000000a2500000| Untracked 
|  38|0x00000000a2600000, 0x00000000a2700000, 0x00000000a2700000|100%| O|  |TAMS 0x00000000a2700000, 0x00000000a2600000| Untracked 
|  39|0x00000000a2700000, 0x00000000a2800000, 0x00000000a2800000|100%| O|  |TAMS 0x00000000a2800000, 0x00000000a2700000| Untracked 
|  40|0x00000000a2800000, 0x00000000a2900000, 0x00000000a2900000|100%| O|  |TAMS 0x00000000a2900000, 0x00000000a2800000| Untracked 
|  41|0x00000000a2900000, 0x00000000a2a00000, 0x00000000a2a00000|100%| O|  |TAMS 0x00000000a2a00000, 0x00000000a2900000| Untracked 
|  42|0x00000000a2a00000, 0x00000000a2b00000, 0x00000000a2b00000|100%| O|  |TAMS 0x00000000a2b00000, 0x00000000a2a00000| Untracked 
|  43|0x00000000a2b00000, 0x00000000a2c00000, 0x00000000a2c00000|100%| O|  |TAMS 0x00000000a2c00000, 0x00000000a2b00000| Untracked 
|  44|0x00000000a2c00000, 0x00000000a2d00000, 0x00000000a2d00000|100%| O|  |TAMS 0x00000000a2d00000, 0x00000000a2c00000| Untracked 
|  45|0x00000000a2d00000, 0x00000000a2e00000, 0x00000000a2e00000|100%| O|  |TAMS 0x00000000a2e00000, 0x00000000a2d00000| Untracked 
|  46|0x00000000a2e00000, 0x00000000a2f00000, 0x00000000a2f00000|100%| O|  |TAMS 0x00000000a2f00000, 0x00000000a2e00000| Untracked 
|  47|0x00000000a2f00000, 0x00000000a3000000, 0x00000000a3000000|100%| O|  |TAMS 0x00000000a3000000, 0x00000000a2f00000| Untracked 
|  48|0x00000000a3000000, 0x00000000a3100000, 0x00000000a3100000|100%| O|  |TAMS 0x00000000a30c6600, 0x00000000a3000000| Untracked 
|  49|0x00000000a3100000, 0x00000000a3200000, 0x00000000a3200000|100%| O|  |TAMS 0x00000000a3200000, 0x00000000a3100000| Untracked 
|  50|0x00000000a3200000, 0x00000000a3300000, 0x00000000a3300000|100%| O|  |TAMS 0x00000000a3300000, 0x00000000a3200000| Untracked 
|  51|0x00000000a3300000, 0x00000000a3300000, 0x00000000a3400000|  0%| F|  |TAMS 0x00000000a3300000, 0x00000000a3300000| Untracked 
|  52|0x00000000a3400000, 0x00000000a3500000, 0x00000000a3500000|100%| O|  |TAMS 0x00000000a3500000, 0x00000000a3400000| Untracked 
|  53|0x00000000a3500000, 0x00000000a3600000, 0x00000000a3600000|100%| O|  |TAMS 0x00000000a3600000, 0x00000000a3500000| Untracked 
|  54|0x00000000a3600000, 0x00000000a3700000, 0x00000000a3700000|100%| O|  |TAMS 0x00000000a3700000, 0x00000000a3600000| Untracked 
|  55|0x00000000a3700000, 0x00000000a3700000, 0x00000000a3800000|  0%| F|  |TAMS 0x00000000a3700000, 0x00000000a3700000| Untracked 
|  56|0x00000000a3800000, 0x00000000a3900000, 0x00000000a3900000|100%| O|  |TAMS 0x00000000a3900000, 0x00000000a3800000| Untracked 
|  57|0x00000000a3900000, 0x00000000a3a00000, 0x00000000a3a00000|100%| O|  |TAMS 0x00000000a3a00000, 0x00000000a3900000| Untracked 
|  58|0x00000000a3a00000, 0x00000000a3b00000, 0x00000000a3b00000|100%|HS|  |TAMS 0x00000000a3b00000, 0x00000000a3a00000| Complete 
|  59|0x00000000a3b00000, 0x00000000a3c00000, 0x00000000a3c00000|100%|HS|  |TAMS 0x00000000a3c00000, 0x00000000a3b00000| Complete 
|  60|0x00000000a3c00000, 0x00000000a3d00000, 0x00000000a3d00000|100%|HS|  |TAMS 0x00000000a3d00000, 0x00000000a3c00000| Complete 
|  61|0x00000000a3d00000, 0x00000000a3d00000, 0x00000000a3e00000|  0%| F|  |TAMS 0x00000000a3d00000, 0x00000000a3d00000| Untracked 
|  62|0x00000000a3e00000, 0x00000000a3e00000, 0x00000000a3f00000|  0%| F|  |TAMS 0x00000000a3e00000, 0x00000000a3e00000| Untracked 
|  63|0x00000000a3f00000, 0x00000000a4000000, 0x00000000a4000000|100%|HS|  |TAMS 0x00000000a4000000, 0x00000000a3f00000| Complete 
|  64|0x00000000a4000000, 0x00000000a4100000, 0x00000000a4100000|100%|HC|  |TAMS 0x00000000a4100000, 0x00000000a4000000| Complete 
|  65|0x00000000a4100000, 0x00000000a4200000, 0x00000000a4200000|100%| O|  |TAMS 0x00000000a4200000, 0x00000000a4100000| Untracked 
|  66|0x00000000a4200000, 0x00000000a4300000, 0x00000000a4300000|100%| O|  |TAMS 0x00000000a4300000, 0x00000000a4200000| Untracked 
|  67|0x00000000a4300000, 0x00000000a4300000, 0x00000000a4400000|  0%| F|  |TAMS 0x00000000a4300000, 0x00000000a4300000| Untracked 
|  68|0x00000000a4400000, 0x00000000a4400000, 0x00000000a4500000|  0%| F|  |TAMS 0x00000000a4400000, 0x00000000a4400000| Untracked 
|  69|0x00000000a4500000, 0x00000000a4600000, 0x00000000a4600000|100%| O|  |TAMS 0x00000000a4600000, 0x00000000a4500000| Untracked 
|  70|0x00000000a4600000, 0x00000000a4600000, 0x00000000a4700000|  0%| F|  |TAMS 0x00000000a4600000, 0x00000000a4600000| Untracked 
|  71|0x00000000a4700000, 0x00000000a4700000, 0x00000000a4800000|  0%| F|  |TAMS 0x00000000a4700000, 0x00000000a4700000| Untracked 
|  72|0x00000000a4800000, 0x00000000a4800000, 0x00000000a4900000|  0%| F|  |TAMS 0x00000000a4800000, 0x00000000a4800000| Untracked 
|  73|0x00000000a4900000, 0x00000000a4900000, 0x00000000a4a00000|  0%| F|  |TAMS 0x00000000a4900000, 0x00000000a4900000| Untracked 
|  74|0x00000000a4a00000, 0x00000000a4a00000, 0x00000000a4b00000|  0%| F|  |TAMS 0x00000000a4a00000, 0x00000000a4a00000| Untracked 
|  75|0x00000000a4b00000, 0x00000000a4b00000, 0x00000000a4c00000|  0%| F|  |TAMS 0x00000000a4b00000, 0x00000000a4b00000| Untracked 
|  76|0x00000000a4c00000, 0x00000000a4c00000, 0x00000000a4d00000|  0%| F|  |TAMS 0x00000000a4c00000, 0x00000000a4c00000| Untracked 
|  77|0x00000000a4d00000, 0x00000000a4d00000, 0x00000000a4e00000|  0%| F|  |TAMS 0x00000000a4d00000, 0x00000000a4d00000| Untracked 
|  78|0x00000000a4e00000, 0x00000000a4f00000, 0x00000000a4f00000|100%| O|  |TAMS 0x00000000a4f00000, 0x00000000a4e00000| Untracked 
|  79|0x00000000a4f00000, 0x00000000a4f00000, 0x00000000a5000000|  0%| F|  |TAMS 0x00000000a4f00000, 0x00000000a4f00000| Untracked 
|  80|0x00000000a5000000, 0x00000000a5100000, 0x00000000a5100000|100%| O|  |TAMS 0x00000000a5100000, 0x00000000a5000000| Untracked 
|  81|0x00000000a5100000, 0x00000000a5200000, 0x00000000a5200000|100%| O|  |TAMS 0x00000000a5200000, 0x00000000a5100000| Untracked 
|  82|0x00000000a5200000, 0x00000000a5300000, 0x00000000a5300000|100%| O|  |TAMS 0x00000000a5300000, 0x00000000a5200000| Untracked 
|  83|0x00000000a5300000, 0x00000000a5300000, 0x00000000a5400000|  0%| F|  |TAMS 0x00000000a5300000, 0x00000000a5300000| Untracked 
|  84|0x00000000a5400000, 0x00000000a5500000, 0x00000000a5500000|100%| O|  |TAMS 0x00000000a5500000, 0x00000000a5400000| Untracked 
|  85|0x00000000a5500000, 0x00000000a5500000, 0x00000000a5600000|  0%| F|  |TAMS 0x00000000a5500000, 0x00000000a5500000| Untracked 
|  86|0x00000000a5600000, 0x00000000a5700000, 0x00000000a5700000|100%| O|  |TAMS 0x00000000a5700000, 0x00000000a5600000| Untracked 
|  87|0x00000000a5700000, 0x00000000a5800000, 0x00000000a5800000|100%| O|  |TAMS 0x00000000a5800000, 0x00000000a5700000| Untracked 
|  88|0x00000000a5800000, 0x00000000a5800000, 0x00000000a5900000|  0%| F|  |TAMS 0x00000000a5800000, 0x00000000a5800000| Untracked 
|  89|0x00000000a5900000, 0x00000000a5a00000, 0x00000000a5a00000|100%| O|  |TAMS 0x00000000a5a00000, 0x00000000a5900000| Untracked 
|  90|0x00000000a5a00000, 0x00000000a5b00000, 0x00000000a5b00000|100%| O|  |TAMS 0x00000000a5b00000, 0x00000000a5a00000| Untracked 
|  91|0x00000000a5b00000, 0x00000000a5c00000, 0x00000000a5c00000|100%| O|  |TAMS 0x00000000a5c00000, 0x00000000a5b00000| Untracked 
|  92|0x00000000a5c00000, 0x00000000a5d00000, 0x00000000a5d00000|100%| O|  |TAMS 0x00000000a5d00000, 0x00000000a5c00000| Untracked 
|  93|0x00000000a5d00000, 0x00000000a5e00000, 0x00000000a5e00000|100%| O|  |TAMS 0x00000000a5e00000, 0x00000000a5d00000| Untracked 
|  94|0x00000000a5e00000, 0x00000000a5f00000, 0x00000000a5f00000|100%| O|  |TAMS 0x00000000a5f00000, 0x00000000a5e00000| Untracked 
|  95|0x00000000a5f00000, 0x00000000a6000000, 0x00000000a6000000|100%| O|  |TAMS 0x00000000a6000000, 0x00000000a5f00000| Untracked 
|  96|0x00000000a6000000, 0x00000000a6100000, 0x00000000a6100000|100%| O|  |TAMS 0x00000000a6100000, 0x00000000a6000000| Untracked 
|  97|0x00000000a6100000, 0x00000000a6200000, 0x00000000a6200000|100%| O|  |TAMS 0x00000000a6200000, 0x00000000a6100000| Untracked 
|  98|0x00000000a6200000, 0x00000000a6300000, 0x00000000a6300000|100%| O|  |TAMS 0x00000000a6300000, 0x00000000a6200000| Untracked 
|  99|0x00000000a6300000, 0x00000000a6400000, 0x00000000a6400000|100%| O|  |TAMS 0x00000000a6400000, 0x00000000a6300000| Untracked 
| 100|0x00000000a6400000, 0x00000000a6500000, 0x00000000a6500000|100%| O|  |TAMS 0x00000000a6500000, 0x00000000a6400000| Untracked 
| 101|0x00000000a6500000, 0x00000000a6600000, 0x00000000a6600000|100%| O|  |TAMS 0x00000000a6600000, 0x00000000a6500000| Untracked 
| 102|0x00000000a6600000, 0x00000000a6700000, 0x00000000a6700000|100%| O|  |TAMS 0x00000000a6700000, 0x00000000a6600000| Untracked 
| 103|0x00000000a6700000, 0x00000000a6700000, 0x00000000a6800000|  0%| F|  |TAMS 0x00000000a6700000, 0x00000000a6700000| Untracked 
| 104|0x00000000a6800000, 0x00000000a6900000, 0x00000000a6900000|100%| O|  |TAMS 0x00000000a6900000, 0x00000000a6800000| Untracked 
| 105|0x00000000a6900000, 0x00000000a6a00000, 0x00000000a6a00000|100%| O|  |TAMS 0x00000000a6a00000, 0x00000000a6900000| Untracked 
| 106|0x00000000a6a00000, 0x00000000a6a00000, 0x00000000a6b00000|  0%| F|  |TAMS 0x00000000a6a00000, 0x00000000a6a00000| Untracked 
| 107|0x00000000a6b00000, 0x00000000a6b00000, 0x00000000a6c00000|  0%| F|  |TAMS 0x00000000a6b00000, 0x00000000a6b00000| Untracked 
| 108|0x00000000a6c00000, 0x00000000a6c00000, 0x00000000a6d00000|  0%| F|  |TAMS 0x00000000a6c00000, 0x00000000a6c00000| Untracked 
| 109|0x00000000a6d00000, 0x00000000a6d00000, 0x00000000a6e00000|  0%| F|  |TAMS 0x00000000a6d00000, 0x00000000a6d00000| Untracked 
| 110|0x00000000a6e00000, 0x00000000a6e00000, 0x00000000a6f00000|  0%| F|  |TAMS 0x00000000a6e00000, 0x00000000a6e00000| Untracked 
| 111|0x00000000a6f00000, 0x00000000a6f00000, 0x00000000a7000000|  0%| F|  |TAMS 0x00000000a6f00000, 0x00000000a6f00000| Untracked 
| 112|0x00000000a7000000, 0x00000000a7000000, 0x00000000a7100000|  0%| F|  |TAMS 0x00000000a7000000, 0x00000000a7000000| Untracked 
| 113|0x00000000a7100000, 0x00000000a7100000, 0x00000000a7200000|  0%| F|  |TAMS 0x00000000a7100000, 0x00000000a7100000| Untracked 
| 114|0x00000000a7200000, 0x00000000a7200000, 0x00000000a7300000|  0%| F|  |TAMS 0x00000000a7200000, 0x00000000a7200000| Untracked 
| 115|0x00000000a7300000, 0x00000000a7300000, 0x00000000a7400000|  0%| F|  |TAMS 0x00000000a7300000, 0x00000000a7300000| Untracked 
| 116|0x00000000a7400000, 0x00000000a7400000, 0x00000000a7500000|  0%| F|  |TAMS 0x00000000a7400000, 0x00000000a7400000| Untracked 
| 117|0x00000000a7500000, 0x00000000a7500000, 0x00000000a7600000|  0%| F|  |TAMS 0x00000000a7500000, 0x00000000a7500000| Untracked 
| 118|0x00000000a7600000, 0x00000000a7600000, 0x00000000a7700000|  0%| F|  |TAMS 0x00000000a7600000, 0x00000000a7600000| Untracked 
| 119|0x00000000a7700000, 0x00000000a7700000, 0x00000000a7800000|  0%| F|  |TAMS 0x00000000a7700000, 0x00000000a7700000| Untracked 
| 120|0x00000000a7800000, 0x00000000a7800000, 0x00000000a7900000|  0%| F|  |TAMS 0x00000000a7800000, 0x00000000a7800000| Untracked 
| 121|0x00000000a7900000, 0x00000000a7900000, 0x00000000a7a00000|  0%| F|  |TAMS 0x00000000a7900000, 0x00000000a7900000| Untracked 
| 122|0x00000000a7a00000, 0x00000000a7a00000, 0x00000000a7b00000|  0%| F|  |TAMS 0x00000000a7a00000, 0x00000000a7a00000| Untracked 
| 123|0x00000000a7b00000, 0x00000000a7b00000, 0x00000000a7c00000|  0%| F|  |TAMS 0x00000000a7b00000, 0x00000000a7b00000| Untracked 
| 124|0x00000000a7c00000, 0x00000000a7c00000, 0x00000000a7d00000|  0%| F|  |TAMS 0x00000000a7c00000, 0x00000000a7c00000| Untracked 
| 125|0x00000000a7d00000, 0x00000000a7d00000, 0x00000000a7e00000|  0%| F|  |TAMS 0x00000000a7d00000, 0x00000000a7d00000| Untracked 
| 126|0x00000000a7e00000, 0x00000000a7e00000, 0x00000000a7f00000|  0%| F|  |TAMS 0x00000000a7e00000, 0x00000000a7e00000| Untracked 
| 127|0x00000000a7f00000, 0x00000000a7f00000, 0x00000000a8000000|  0%| F|  |TAMS 0x00000000a7f00000, 0x00000000a7f00000| Untracked 
| 128|0x00000000a8000000, 0x00000000a8000000, 0x00000000a8100000|  0%| F|  |TAMS 0x00000000a8000000, 0x00000000a8000000| Untracked 
| 129|0x00000000a8100000, 0x00000000a8100000, 0x00000000a8200000|  0%| F|  |TAMS 0x00000000a8100000, 0x00000000a8100000| Untracked 
| 130|0x00000000a8200000, 0x00000000a8200000, 0x00000000a8300000|  0%| F|  |TAMS 0x00000000a8200000, 0x00000000a8200000| Untracked 
| 131|0x00000000a8300000, 0x00000000a8300000, 0x00000000a8400000|  0%| F|  |TAMS 0x00000000a8300000, 0x00000000a8300000| Untracked 
| 132|0x00000000a8400000, 0x00000000a8400000, 0x00000000a8500000|  0%| F|  |TAMS 0x00000000a8400000, 0x00000000a8400000| Untracked 
| 133|0x00000000a8500000, 0x00000000a8500000, 0x00000000a8600000|  0%| F|  |TAMS 0x00000000a8500000, 0x00000000a8500000| Untracked 
| 134|0x00000000a8600000, 0x00000000a8600000, 0x00000000a8700000|  0%| F|  |TAMS 0x00000000a8600000, 0x00000000a8600000| Untracked 
| 135|0x00000000a8700000, 0x00000000a8700000, 0x00000000a8800000|  0%| F|  |TAMS 0x00000000a8700000, 0x00000000a8700000| Untracked 
| 136|0x00000000a8800000, 0x00000000a8800000, 0x00000000a8900000|  0%| F|  |TAMS 0x00000000a8800000, 0x00000000a8800000| Untracked 
| 137|0x00000000a8900000, 0x00000000a8900000, 0x00000000a8a00000|  0%| F|  |TAMS 0x00000000a8900000, 0x00000000a8900000| Untracked 
| 138|0x00000000a8a00000, 0x00000000a8a00000, 0x00000000a8b00000|  0%| F|  |TAMS 0x00000000a8a00000, 0x00000000a8a00000| Untracked 
| 139|0x00000000a8b00000, 0x00000000a8b00000, 0x00000000a8c00000|  0%| F|  |TAMS 0x00000000a8b00000, 0x00000000a8b00000| Untracked 
| 140|0x00000000a8c00000, 0x00000000a8c00000, 0x00000000a8d00000|  0%| F|  |TAMS 0x00000000a8c00000, 0x00000000a8c00000| Untracked 
| 141|0x00000000a8d00000, 0x00000000a8d00000, 0x00000000a8e00000|  0%| F|  |TAMS 0x00000000a8d00000, 0x00000000a8d00000| Untracked 
| 142|0x00000000a8e00000, 0x00000000a8e00000, 0x00000000a8f00000|  0%| F|  |TAMS 0x00000000a8e00000, 0x00000000a8e00000| Untracked 
| 143|0x00000000a8f00000, 0x00000000a8f00000, 0x00000000a9000000|  0%| F|  |TAMS 0x00000000a8f00000, 0x00000000a8f00000| Untracked 
| 144|0x00000000a9000000, 0x00000000a9000000, 0x00000000a9100000|  0%| F|  |TAMS 0x00000000a9000000, 0x00000000a9000000| Untracked 
| 145|0x00000000a9100000, 0x00000000a9100000, 0x00000000a9200000|  0%| F|  |TAMS 0x00000000a9100000, 0x00000000a9100000| Untracked 
| 146|0x00000000a9200000, 0x00000000a9200000, 0x00000000a9300000|  0%| F|  |TAMS 0x00000000a9200000, 0x00000000a9200000| Untracked 
| 147|0x00000000a9300000, 0x00000000a9300000, 0x00000000a9400000|  0%| F|  |TAMS 0x00000000a9300000, 0x00000000a9300000| Untracked 
| 148|0x00000000a9400000, 0x00000000a9400000, 0x00000000a9500000|  0%| F|  |TAMS 0x00000000a9400000, 0x00000000a9400000| Untracked 
| 149|0x00000000a9500000, 0x00000000a9500000, 0x00000000a9600000|  0%| F|  |TAMS 0x00000000a9500000, 0x00000000a9500000| Untracked 
| 150|0x00000000a9600000, 0x00000000a9600000, 0x00000000a9700000|  0%| F|  |TAMS 0x00000000a9600000, 0x00000000a9600000| Untracked 
| 151|0x00000000a9700000, 0x00000000a9700000, 0x00000000a9800000|  0%| F|  |TAMS 0x00000000a9700000, 0x00000000a9700000| Untracked 
| 152|0x00000000a9800000, 0x00000000a9800000, 0x00000000a9900000|  0%| F|  |TAMS 0x00000000a9800000, 0x00000000a9800000| Untracked 
| 153|0x00000000a9900000, 0x00000000a9900000, 0x00000000a9a00000|  0%| F|  |TAMS 0x00000000a9900000, 0x00000000a9900000| Untracked 
| 154|0x00000000a9a00000, 0x00000000a9a00000, 0x00000000a9b00000|  0%| F|  |TAMS 0x00000000a9a00000, 0x00000000a9a00000| Untracked 
| 155|0x00000000a9b00000, 0x00000000a9b00000, 0x00000000a9c00000|  0%| F|  |TAMS 0x00000000a9b00000, 0x00000000a9b00000| Untracked 
| 156|0x00000000a9c00000, 0x00000000a9c00000, 0x00000000a9d00000|  0%| F|  |TAMS 0x00000000a9c00000, 0x00000000a9c00000| Untracked 
| 157|0x00000000a9d00000, 0x00000000a9d00000, 0x00000000a9e00000|  0%| F|  |TAMS 0x00000000a9d00000, 0x00000000a9d00000| Untracked 
| 158|0x00000000a9e00000, 0x00000000a9e00000, 0x00000000a9f00000|  0%| F|  |TAMS 0x00000000a9e00000, 0x00000000a9e00000| Untracked 
| 159|0x00000000a9f00000, 0x00000000a9f00000, 0x00000000aa000000|  0%| F|  |TAMS 0x00000000a9f00000, 0x00000000a9f00000| Untracked 
| 160|0x00000000aa000000, 0x00000000aa000000, 0x00000000aa100000|  0%| F|  |TAMS 0x00000000aa000000, 0x00000000aa000000| Untracked 
| 161|0x00000000aa100000, 0x00000000aa100000, 0x00000000aa200000|  0%| F|  |TAMS 0x00000000aa100000, 0x00000000aa100000| Untracked 
| 162|0x00000000aa200000, 0x00000000aa200000, 0x00000000aa300000|  0%| F|  |TAMS 0x00000000aa200000, 0x00000000aa200000| Untracked 
| 163|0x00000000aa300000, 0x00000000aa300000, 0x00000000aa400000|  0%| F|  |TAMS 0x00000000aa300000, 0x00000000aa300000| Untracked 
| 164|0x00000000aa400000, 0x00000000aa400000, 0x00000000aa500000|  0%| F|  |TAMS 0x00000000aa400000, 0x00000000aa400000| Untracked 
| 165|0x00000000aa500000, 0x00000000aa500000, 0x00000000aa600000|  0%| F|  |TAMS 0x00000000aa500000, 0x00000000aa500000| Untracked 
| 166|0x00000000aa600000, 0x00000000aa600000, 0x00000000aa700000|  0%| F|  |TAMS 0x00000000aa600000, 0x00000000aa600000| Untracked 
| 167|0x00000000aa700000, 0x00000000aa700000, 0x00000000aa800000|  0%| F|  |TAMS 0x00000000aa700000, 0x00000000aa700000| Untracked 
| 168|0x00000000aa800000, 0x00000000aa800000, 0x00000000aa900000|  0%| F|  |TAMS 0x00000000aa800000, 0x00000000aa800000| Untracked 
| 169|0x00000000aa900000, 0x00000000aa900000, 0x00000000aaa00000|  0%| F|  |TAMS 0x00000000aa900000, 0x00000000aa900000| Untracked 
| 170|0x00000000aaa00000, 0x00000000aaa00000, 0x00000000aab00000|  0%| F|  |TAMS 0x00000000aaa00000, 0x00000000aaa00000| Untracked 
| 171|0x00000000aab00000, 0x00000000aab00000, 0x00000000aac00000|  0%| F|  |TAMS 0x00000000aab00000, 0x00000000aab00000| Untracked 
| 172|0x00000000aac00000, 0x00000000aac00000, 0x00000000aad00000|  0%| F|  |TAMS 0x00000000aac00000, 0x00000000aac00000| Untracked 
| 173|0x00000000aad00000, 0x00000000aad00000, 0x00000000aae00000|  0%| F|  |TAMS 0x00000000aad00000, 0x00000000aad00000| Untracked 
| 174|0x00000000aae00000, 0x00000000aae00000, 0x00000000aaf00000|  0%| F|  |TAMS 0x00000000aae00000, 0x00000000aae00000| Untracked 
| 175|0x00000000aaf00000, 0x00000000aaf00000, 0x00000000ab000000|  0%| F|  |TAMS 0x00000000aaf00000, 0x00000000aaf00000| Untracked 
| 176|0x00000000ab000000, 0x00000000ab000000, 0x00000000ab100000|  0%| F|  |TAMS 0x00000000ab000000, 0x00000000ab000000| Untracked 
| 177|0x00000000ab100000, 0x00000000ab100000, 0x00000000ab200000|  0%| F|  |TAMS 0x00000000ab100000, 0x00000000ab100000| Untracked 
| 178|0x00000000ab200000, 0x00000000ab200000, 0x00000000ab300000|  0%| F|  |TAMS 0x00000000ab200000, 0x00000000ab200000| Untracked 
| 179|0x00000000ab300000, 0x00000000ab300000, 0x00000000ab400000|  0%| F|  |TAMS 0x00000000ab300000, 0x00000000ab300000| Untracked 
| 180|0x00000000ab400000, 0x00000000ab400000, 0x00000000ab500000|  0%| F|  |TAMS 0x00000000ab400000, 0x00000000ab400000| Untracked 
| 181|0x00000000ab500000, 0x00000000ab536e80, 0x00000000ab600000| 21%| S|CS|TAMS 0x00000000ab500000, 0x00000000ab500000| Complete 
| 182|0x00000000ab600000, 0x00000000ab700000, 0x00000000ab700000|100%| S|CS|TAMS 0x00000000ab600000, 0x00000000ab600000| Complete 
| 183|0x00000000ab700000, 0x00000000ab800000, 0x00000000ab800000|100%| S|CS|TAMS 0x00000000ab700000, 0x00000000ab700000| Complete 
| 184|0x00000000ab800000, 0x00000000ab900000, 0x00000000ab900000|100%| S|CS|TAMS 0x00000000ab800000, 0x00000000ab800000| Complete 
| 185|0x00000000ab900000, 0x00000000ab900000, 0x00000000aba00000|  0%| F|  |TAMS 0x00000000ab900000, 0x00000000ab900000| Untracked 
| 186|0x00000000aba00000, 0x00000000aba00000, 0x00000000abb00000|  0%| F|  |TAMS 0x00000000aba00000, 0x00000000aba00000| Untracked 
| 187|0x00000000abb00000, 0x00000000abb00000, 0x00000000abc00000|  0%| F|  |TAMS 0x00000000abb00000, 0x00000000abb00000| Untracked 
| 188|0x00000000abc00000, 0x00000000abc00000, 0x00000000abd00000|  0%| F|  |TAMS 0x00000000abc00000, 0x00000000abc00000| Untracked 
| 189|0x00000000abd00000, 0x00000000abd00000, 0x00000000abe00000|  0%| F|  |TAMS 0x00000000abd00000, 0x00000000abd00000| Untracked 
| 190|0x00000000abe00000, 0x00000000abe00000, 0x00000000abf00000|  0%| F|  |TAMS 0x00000000abe00000, 0x00000000abe00000| Untracked 
| 191|0x00000000abf00000, 0x00000000abf00000, 0x00000000ac000000|  0%| F|  |TAMS 0x00000000abf00000, 0x00000000abf00000| Untracked 
| 192|0x00000000ac000000, 0x00000000ac000000, 0x00000000ac100000|  0%| F|  |TAMS 0x00000000ac000000, 0x00000000ac000000| Untracked 
| 193|0x00000000ac100000, 0x00000000ac100000, 0x00000000ac200000|  0%| F|  |TAMS 0x00000000ac100000, 0x00000000ac100000| Untracked 
| 194|0x00000000ac200000, 0x00000000ac2e4278, 0x00000000ac300000| 89%| E|  |TAMS 0x00000000ac200000, 0x00000000ac200000| Complete 
| 195|0x00000000ac300000, 0x00000000ac400000, 0x00000000ac400000|100%| E|CS|TAMS 0x00000000ac300000, 0x00000000ac300000| Complete 
| 196|0x00000000ac400000, 0x00000000ac500000, 0x00000000ac500000|100%| E|CS|TAMS 0x00000000ac400000, 0x00000000ac400000| Complete 
| 197|0x00000000ac500000, 0x00000000ac600000, 0x00000000ac600000|100%| E|CS|TAMS 0x00000000ac500000, 0x00000000ac500000| Complete 
| 198|0x00000000ac600000, 0x00000000ac700000, 0x00000000ac700000|100%| E|  |TAMS 0x00000000ac600000, 0x00000000ac600000| Complete 
| 199|0x00000000ac700000, 0x00000000ac800000, 0x00000000ac800000|100%| E|CS|TAMS 0x00000000ac700000, 0x00000000ac700000| Complete 
| 200|0x00000000ac800000, 0x00000000ac900000, 0x00000000ac900000|100%| E|CS|TAMS 0x00000000ac800000, 0x00000000ac800000| Complete 
| 201|0x00000000ac900000, 0x00000000aca00000, 0x00000000aca00000|100%| E|CS|TAMS 0x00000000ac900000, 0x00000000ac900000| Complete 
| 202|0x00000000aca00000, 0x00000000acb00000, 0x00000000acb00000|100%| E|CS|TAMS 0x00000000aca00000, 0x00000000aca00000| Complete 
| 203|0x00000000acb00000, 0x00000000acc00000, 0x00000000acc00000|100%| E|CS|TAMS 0x00000000acb00000, 0x00000000acb00000| Complete 
| 204|0x00000000acc00000, 0x00000000acd00000, 0x00000000acd00000|100%| E|CS|TAMS 0x00000000acc00000, 0x00000000acc00000| Complete 
| 205|0x00000000acd00000, 0x00000000ace00000, 0x00000000ace00000|100%| E|CS|TAMS 0x00000000acd00000, 0x00000000acd00000| Complete 
| 206|0x00000000ace00000, 0x00000000acf00000, 0x00000000acf00000|100%| E|CS|TAMS 0x00000000ace00000, 0x00000000ace00000| Complete 
| 207|0x00000000acf00000, 0x00000000ad000000, 0x00000000ad000000|100%| E|CS|TAMS 0x00000000acf00000, 0x00000000acf00000| Complete 
| 208|0x00000000ad000000, 0x00000000ad100000, 0x00000000ad100000|100%| E|CS|TAMS 0x00000000ad000000, 0x00000000ad000000| Complete 
| 209|0x00000000ad100000, 0x00000000ad200000, 0x00000000ad200000|100%| E|CS|TAMS 0x00000000ad100000, 0x00000000ad100000| Complete 
| 210|0x00000000ad200000, 0x00000000ad300000, 0x00000000ad300000|100%| E|CS|TAMS 0x00000000ad200000, 0x00000000ad200000| Complete 
| 211|0x00000000ad300000, 0x00000000ad400000, 0x00000000ad400000|100%| E|CS|TAMS 0x00000000ad300000, 0x00000000ad300000| Complete 
| 212|0x00000000ad400000, 0x00000000ad500000, 0x00000000ad500000|100%| E|CS|TAMS 0x00000000ad400000, 0x00000000ad400000| Complete 
| 213|0x00000000ad500000, 0x00000000ad600000, 0x00000000ad600000|100%| E|CS|TAMS 0x00000000ad500000, 0x00000000ad500000| Complete 
| 214|0x00000000ad600000, 0x00000000ad700000, 0x00000000ad700000|100%| E|CS|TAMS 0x00000000ad600000, 0x00000000ad600000| Complete 
| 215|0x00000000ad700000, 0x00000000ad800000, 0x00000000ad800000|100%| E|CS|TAMS 0x00000000ad700000, 0x00000000ad700000| Complete 
| 216|0x00000000ad800000, 0x00000000ad900000, 0x00000000ad900000|100%| E|CS|TAMS 0x00000000ad800000, 0x00000000ad800000| Complete 
| 217|0x00000000ad900000, 0x00000000ada00000, 0x00000000ada00000|100%| E|CS|TAMS 0x00000000ad900000, 0x00000000ad900000| Complete 
| 218|0x00000000ada00000, 0x00000000adb00000, 0x00000000adb00000|100%| E|CS|TAMS 0x00000000ada00000, 0x00000000ada00000| Complete 
| 219|0x00000000adb00000, 0x00000000adc00000, 0x00000000adc00000|100%| E|CS|TAMS 0x00000000adb00000, 0x00000000adb00000| Complete 
| 220|0x00000000adc00000, 0x00000000add00000, 0x00000000add00000|100%| E|CS|TAMS 0x00000000adc00000, 0x00000000adc00000| Complete 
| 221|0x00000000add00000, 0x00000000ade00000, 0x00000000ade00000|100%| E|CS|TAMS 0x00000000add00000, 0x00000000add00000| Complete 
| 222|0x00000000ade00000, 0x00000000adf00000, 0x00000000adf00000|100%| E|CS|TAMS 0x00000000ade00000, 0x00000000ade00000| Complete 
| 223|0x00000000adf00000, 0x00000000ae000000, 0x00000000ae000000|100%| E|CS|TAMS 0x00000000adf00000, 0x00000000adf00000| Complete 
| 224|0x00000000ae000000, 0x00000000ae100000, 0x00000000ae100000|100%| E|CS|TAMS 0x00000000ae000000, 0x00000000ae000000| Complete 
| 225|0x00000000ae100000, 0x00000000ae200000, 0x00000000ae200000|100%| E|CS|TAMS 0x00000000ae100000, 0x00000000ae100000| Complete 
| 226|0x00000000ae200000, 0x00000000ae300000, 0x00000000ae300000|100%| E|CS|TAMS 0x00000000ae200000, 0x00000000ae200000| Complete 
| 227|0x00000000ae300000, 0x00000000ae400000, 0x00000000ae400000|100%| E|CS|TAMS 0x00000000ae300000, 0x00000000ae300000| Complete 
| 228|0x00000000ae400000, 0x00000000ae500000, 0x00000000ae500000|100%| E|CS|TAMS 0x00000000ae400000, 0x00000000ae400000| Complete 
| 229|0x00000000ae500000, 0x00000000ae600000, 0x00000000ae600000|100%| E|CS|TAMS 0x00000000ae500000, 0x00000000ae500000| Complete 
| 230|0x00000000ae600000, 0x00000000ae700000, 0x00000000ae700000|100%| E|CS|TAMS 0x00000000ae600000, 0x00000000ae600000| Complete 
| 231|0x00000000ae700000, 0x00000000ae800000, 0x00000000ae800000|100%| E|CS|TAMS 0x00000000ae700000, 0x00000000ae700000| Complete 
| 232|0x00000000ae800000, 0x00000000ae900000, 0x00000000ae900000|100%| E|CS|TAMS 0x00000000ae800000, 0x00000000ae800000| Complete 
| 233|0x00000000ae900000, 0x00000000aea00000, 0x00000000aea00000|100%| E|CS|TAMS 0x00000000ae900000, 0x00000000ae900000| Complete 
| 234|0x00000000aea00000, 0x00000000aeb00000, 0x00000000aeb00000|100%| E|CS|TAMS 0x00000000aea00000, 0x00000000aea00000| Complete 
| 235|0x00000000aeb00000, 0x00000000aec00000, 0x00000000aec00000|100%| E|CS|TAMS 0x00000000aeb00000, 0x00000000aeb00000| Complete 
| 236|0x00000000aec00000, 0x00000000aed00000, 0x00000000aed00000|100%| E|CS|TAMS 0x00000000aec00000, 0x00000000aec00000| Complete 
| 237|0x00000000aed00000, 0x00000000aee00000, 0x00000000aee00000|100%| E|CS|TAMS 0x00000000aed00000, 0x00000000aed00000| Complete 
| 238|0x00000000aee00000, 0x00000000aef00000, 0x00000000aef00000|100%| E|CS|TAMS 0x00000000aee00000, 0x00000000aee00000| Complete 
| 239|0x00000000aef00000, 0x00000000af000000, 0x00000000af000000|100%| E|CS|TAMS 0x00000000aef00000, 0x00000000aef00000| Complete 
| 240|0x00000000af000000, 0x00000000af100000, 0x00000000af100000|100%| E|CS|TAMS 0x00000000af000000, 0x00000000af000000| Complete 
| 241|0x00000000af100000, 0x00000000af200000, 0x00000000af200000|100%| E|CS|TAMS 0x00000000af100000, 0x00000000af100000| Complete 
| 242|0x00000000af200000, 0x00000000af300000, 0x00000000af300000|100%| E|CS|TAMS 0x00000000af200000, 0x00000000af200000| Complete 
| 243|0x00000000af300000, 0x00000000af400000, 0x00000000af400000|100%| E|CS|TAMS 0x00000000af300000, 0x00000000af300000| Complete 

Card table byte_map: [0x00000228b5490000,0x00000228b5790000] _byte_map_base: 0x00000228b4f90000

Marking Bits (Prev, Next): (CMBitMap*) 0x00000228a26b5f68, (CMBitMap*) 0x00000228a26b5fa0
 Prev Bits: [0x00000228b5a90000, 0x00000228b7290000)
 Next Bits: [0x00000228b7290000, 0x00000228b8a90000)

Polling page: 0x00000228a0450000

Metaspace:

Usage:
  Non-class:     76.84 MB capacity,    75.26 MB ( 98%) used,     1.39 MB (  2%) free+waste,   197.75 KB ( <1%) overhead. 
      Class:     11.51 MB capacity,    10.72 MB ( 93%) used,   714.48 KB (  6%) free+waste,    89.25 KB ( <1%) overhead. 
       Both:     88.35 MB capacity,    85.99 MB ( 97%) used,     2.09 MB (  2%) free+waste,   287.00 KB ( <1%) overhead. 

Virtual space:
  Non-class space:       78.00 MB reserved,      77.00 MB ( 99%) committed 
      Class space:        1.00 GB reserved,      11.63 MB (  1%) committed 
             Both:        1.08 GB reserved,      88.63 MB (  8%) committed 

Chunk freelists:
   Non-Class:  34.00 KB
       Class:  0 bytes
        Both:  34.00 KB

MaxMetaspaceSize: 17179869184.00 GB
CompressedClassSpaceSize: 1.00 GB
Initial GC threshold: 20.80 MB
Current GC threshold: 145.84 MB
CDS: off

CodeHeap 'non-profiled nmethods': size=120064Kb used=9128Kb max_used=9128Kb free=110935Kb
 bounds [0x00000228adc50000, 0x00000228ae540000, 0x00000228b5190000]
CodeHeap 'profiled nmethods': size=120000Kb used=30189Kb max_used=30189Kb free=89810Kb
 bounds [0x00000228a6720000, 0x00000228a84a0000, 0x00000228adc50000]
CodeHeap 'non-nmethods': size=5696Kb used=2392Kb max_used=2449Kb free=3303Kb
 bounds [0x00000228a6190000, 0x00000228a6400000, 0x00000228a6720000]
 total_blobs=14991 nmethods=14080 adapters=823
 compilation: enabled
              stopped_count=0, restarted_count=0
 full_count=0

Compilation events (20 events):
Event: 8080.766 Thread 0x00000228baf7b800 14351       3       org.gradle.api.internal.AbstractTask::<init> (8 bytes)
Event: 8080.766 Thread 0x00000228baf7b800 nmethod 14351 0x00000228a848e590 code [0x00000228a848e760, 0x00000228a848ea98]
Event: 8080.766 Thread 0x00000228baf7b800 14352       3       org.gradle.api.internal.AbstractTask::taskInfo (10 bytes)
Event: 8080.766 Thread 0x00000228baf7b800 nmethod 14352 0x00000228a848eb90 code [0x00000228a848ed60, 0x00000228a848efc8]
Event: 8080.766 Thread 0x00000228baf7b800 14353       3       org.gradle.api.internal.AbstractTask::<init> (349 bytes)
Event: 8080.772 Thread 0x00000228baf7b800 nmethod 14353 0x00000228a848f090 code [0x00000228a848f740, 0x00000228a8493c38]
Event: 8080.772 Thread 0x00000228baf7b800 14354       3       org.gradle.api.internal.AbstractTask::createNewOnlyIfSpec (23 bytes)
Event: 8080.773 Thread 0x00000228baf7b800 nmethod 14354 0x00000228a8494f90 code [0x00000228a8495180, 0x00000228a8495708]
Event: 8080.782 Thread 0x00000228baf7b800 14355       3       org.gradle.api.internal.tasks.properties.ValidationActions::access$100 (6 bytes)
Event: 8080.783 Thread 0x00000228baf7b800 nmethod 14355 0x00000228a8495910 code [0x00000228a8495b00, 0x00000228a8496048]
Event: 8080.783 Thread 0x00000228baf7b800 14356       3       org.gradle.api.internal.tasks.properties.ValidationActions::toFile (13 bytes)
Event: 8080.783 Thread 0x00000228baf7b800 nmethod 14356 0x00000228a8496290 code [0x00000228a8496480, 0x00000228a8496968]
Event: 8081.028 Thread 0x00000228baf7b800 14359       3       org.gradle.internal.logging.services.DefaultLoggingManager$StartableLoggingSystem::<init> (7 bytes)
Event: 8081.029 Thread 0x00000228baf7b800 nmethod 14359 0x00000228a8496b90 code [0x00000228a8496d60, 0x00000228a8496fd8]
Event: 8081.029 Thread 0x00000228baf7b800 14360       3       org.gradle.internal.logging.services.DefaultLoggingManager$StartableLoggingSystem::<init> (15 bytes)
Event: 8081.029 Thread 0x00000228baf7b800 nmethod 14360 0x00000228a8497110 code [0x00000228a84972c0, 0x00000228a84974d8]
Event: 8081.029 Thread 0x00000228baf7b800 14361       3       org.gradle.internal.metaobject.AbstractDynamicObject::getProperty (24 bytes)
Event: 8081.030 Thread 0x00000228baf7b800 nmethod 14361 0x00000228a8497590 code [0x00000228a84977a0, 0x00000228a8497d68]
Event: 8081.041 Thread 0x00000228baf7b800 14362       3       groovy.lang.MetaBeanProperty::getProperty (64 bytes)
Event: 8081.043 Thread 0x00000228baf7b800 nmethod 14362 0x00000228a8497f10 code [0x00000228a84981a0, 0x00000228a8498b98]

GC Heap History (20 events):
Event: 2213.203 GC heap before
{Heap before GC invocations=109 (full 0):
 garbage-first heap   total 192512K, used 139541K [0x00000000a0000000, 0x0000000100000000)
  region size 1024K, 48 young (49152K), 6 survivors (6144K)
 Metaspace       used 86784K, capacity 88886K, committed 89600K, reserved 1126400K
  class space    used 10879K, capacity 11601K, committed 11776K, reserved 1048576K
}
Event: 2213.251 GC heap after
{Heap after GC invocations=110 (full 0):
 garbage-first heap   total 192512K, used 100338K [0x00000000a0000000, 0x0000000100000000)
  region size 1024K, 3 young (3072K), 3 survivors (3072K)
 Metaspace       used 86784K, capacity 88886K, committed 89600K, reserved 1126400K
  class space    used 10879K, capacity 11601K, committed 11776K, reserved 1048576K
}
Event: 2214.041 GC heap before
{Heap before GC invocations=110 (full 0):
 garbage-first heap   total 192512K, used 105458K [0x00000000a0000000, 0x0000000100000000)
  region size 1024K, 9 young (9216K), 3 survivors (3072K)
 Metaspace       used 86801K, capacity 88950K, committed 89600K, reserved 1126400K
  class space    used 10879K, capacity 11601K, committed 11776K, reserved 1048576K
}
Event: 2214.112 GC heap after
{Heap after GC invocations=111 (full 0):
 garbage-first heap   total 192512K, used 88836K [0x00000000a0000000, 0x0000000100000000)
  region size 1024K, 1 young (1024K), 1 survivors (1024K)
 Metaspace       used 86801K, capacity 88950K, committed 89600K, reserved 1126400K
  class space    used 10879K, capacity 11601K, committed 11776K, reserved 1048576K
}
Event: 2214.715 GC heap before
{Heap before GC invocations=111 (full 0):
 garbage-first heap   total 192512K, used 96004K [0x00000000a0000000, 0x0000000100000000)
  region size 1024K, 9 young (9216K), 1 survivors (1024K)
 Metaspace       used 86887K, capacity 89104K, committed 89600K, reserved 1126400K
  class space    used 10887K, capacity 11616K, committed 11776K, reserved 1048576K
}
Event: 2214.741 GC heap after
{Heap after GC invocations=112 (full 0):
 garbage-first heap   total 192512K, used 87296K [0x00000000a0000000, 0x0000000100000000)
  region size 1024K, 1 young (1024K), 1 survivors (1024K)
 Metaspace       used 86887K, capacity 89104K, committed 89600K, reserved 1126400K
  class space    used 10887K, capacity 11616K, committed 11776K, reserved 1048576K
}
Event: 2214.884 GC heap before
{Heap before GC invocations=112 (full 0):
 garbage-first heap   total 192512K, used 93440K [0x00000000a0000000, 0x0000000100000000)
  region size 1024K, 8 young (8192K), 1 survivors (1024K)
 Metaspace       used 86891K, capacity 89104K, committed 89600K, reserved 1126400K
  class space    used 10887K, capacity 11616K, committed 11776K, reserved 1048576K
}
Event: 2214.891 GC heap after
{Heap after GC invocations=113 (full 0):
 garbage-first heap   total 192512K, used 88839K [0x00000000a0000000, 0x0000000100000000)
  region size 1024K, 2 young (2048K), 2 survivors (2048K)
 Metaspace       used 86891K, capacity 89104K, committed 89600K, reserved 1126400K
  class space    used 10887K, capacity 11616K, committed 11776K, reserved 1048576K
}
Event: 2216.736 GC heap before
{Heap before GC invocations=114 (full 0):
 garbage-first heap   total 246784K, used 245511K [0x00000000a0000000, 0x0000000100000000)
  region size 1024K, 10 young (10240K), 2 survivors (2048K)
 Metaspace       used 86912K, capacity 89104K, committed 89600K, reserved 1126400K
  class space    used 10887K, capacity 11616K, committed 11776K, reserved 1048576K
}
Event: 2216.744 GC heap after
{Heap after GC invocations=115 (full 0):
 garbage-first heap   total 249856K, used 154104K [0x00000000a0000000, 0x0000000100000000)
  region size 1024K, 3 young (3072K), 3 survivors (3072K)
 Metaspace       used 86912K, capacity 89104K, committed 89600K, reserved 1126400K
  class space    used 10887K, capacity 11616K, committed 11776K, reserved 1048576K
}
Event: 2218.636 GC heap before
{Heap before GC invocations=115 (full 0):
 garbage-first heap   total 249856K, used 165368K [0x00000000a0000000, 0x0000000100000000)
  region size 1024K, 12 young (12288K), 3 survivors (3072K)
 Metaspace       used 86955K, capacity 89107K, committed 89600K, reserved 1126400K
  class space    used 10888K, capacity 11617K, committed 11776K, reserved 1048576K
}
Event: 2218.642 GC heap after
{Heap after GC invocations=116 (full 0):
 garbage-first heap   total 249856K, used 87823K [0x00000000a0000000, 0x0000000100000000)
  region size 1024K, 1 young (1024K), 1 survivors (1024K)
 Metaspace       used 86955K, capacity 89107K, committed 89600K, reserved 1126400K
  class space    used 10888K, capacity 11617K, committed 11776K, reserved 1048576K
}
Event: 5076.683 GC heap before
{Heap before GC invocations=116 (full 0):
 garbage-first heap   total 249856K, used 144143K [0x00000000a0000000, 0x0000000100000000)
  region size 1024K, 56 young (57344K), 1 survivors (1024K)
 Metaspace       used 87038K, capacity 89326K, committed 89856K, reserved 1128448K
  class space    used 10894K, capacity 11624K, committed 11776K, reserved 1048576K
}
Event: 5076.827 GC heap after
{Heap after GC invocations=117 (full 0):
 garbage-first heap   total 249856K, used 87758K [0x00000000a0000000, 0x0000000100000000)
  region size 1024K, 1 young (1024K), 1 survivors (1024K)
 Metaspace       used 87038K, capacity 89326K, committed 89856K, reserved 1128448K
  class space    used 10894K, capacity 11624K, committed 11776K, reserved 1048576K
}
Event: 7954.361 GC heap before
{Heap before GC invocations=117 (full 0):
 garbage-first heap   total 249856K, used 143054K [0x00000000a0000000, 0x0000000100000000)
  region size 1024K, 55 young (56320K), 1 survivors (1024K)
 Metaspace       used 87074K, capacity 89359K, committed 89856K, reserved 1128448K
  class space    used 10898K, capacity 11631K, committed 11776K, reserved 1048576K
}
Event: 7954.436 GC heap after
{Heap after GC invocations=118 (full 0):
 garbage-first heap   total 249856K, used 88145K [0x00000000a0000000, 0x0000000100000000)
  region size 1024K, 1 young (1024K), 1 survivors (1024K)
 Metaspace       used 87074K, capacity 89359K, committed 89856K, reserved 1128448K
  class space    used 10898K, capacity 11631K, committed 11776K, reserved 1048576K
}
Event: 7960.291 GC heap before
{Heap before GC invocations=118 (full 0):
 garbage-first heap   total 249856K, used 130129K [0x00000000a0000000, 0x0000000100000000)
  region size 1024K, 43 young (44032K), 1 survivors (1024K)
 Metaspace       used 87358K, capacity 89658K, committed 89856K, reserved 1128448K
  class space    used 10921K, capacity 11674K, committed 11776K, reserved 1048576K
}
Event: 7960.325 GC heap after
{Heap after GC invocations=119 (full 0):
 garbage-first heap   total 249856K, used 93087K [0x00000000a0000000, 0x0000000100000000)
  region size 1024K, 6 young (6144K), 6 survivors (6144K)
 Metaspace       used 87358K, capacity 89658K, committed 89856K, reserved 1128448K
  class space    used 10921K, capacity 11674K, committed 11776K, reserved 1048576K
}
Event: 8077.709 GC heap before
{Heap before GC invocations=119 (full 0):
 garbage-first heap   total 249856K, used 146335K [0x00000000a0000000, 0x0000000100000000)
  region size 1024K, 59 young (60416K), 6 survivors (6144K)
 Metaspace       used 87825K, capacity 90149K, committed 90368K, reserved 1128448K
  class space    used 10965K, capacity 11755K, committed 11776K, reserved 1048576K
}
Event: 8077.775 GC heap after
{Heap after GC invocations=120 (full 0):
 garbage-first heap   total 249856K, used 90904K [0x00000000a0000000, 0x0000000100000000)
  region size 1024K, 4 young (4096K), 4 survivors (4096K)
 Metaspace       used 87825K, capacity 90149K, committed 90368K, reserved 1128448K
  class space    used 10965K, capacity 11755K, committed 11776K, reserved 1048576K
}

Deoptimization events (20 events):
Event: 7985.046 Thread 0x00000228bfbdf800 Uncommon trap: trap_request=0xffffff4d fr.pc=0x00000228ae0ce38c relative=0x000000000000016c
Event: 7985.046 Thread 0x00000228bfbdf800 Uncommon trap: reason=unstable_if action=reinterpret pc=0x00000228ae0ce38c method=org.gradle.internal.io.StreamByteBuffer.prepareRead()I @ 30 c2
Event: 7985.046 Thread 0x00000228bfbdf800 DEOPT PACKING pc=0x00000228ae0ce38c sp=0x00000042a4ffd4c0
Event: 7985.046 Thread 0x00000228bfbdf800 DEOPT UNPACKING pc=0x00000228a61da1af sp=0x00000042a4ffd470 mode 2
Event: 7985.054 Thread 0x00000228bfbdf800 Uncommon trap: trap_request=0xffffffc6 fr.pc=0x00000228ae4384d4 relative=0x0000000000000874
Event: 7985.054 Thread 0x00000228bfbdf800 Uncommon trap: reason=bimorphic_or_optimized_type_check action=maybe_recompile pc=0x00000228ae4384d4 method=java.util.concurrent.CopyOnWriteArrayList.indexOfRange(Ljava/lang/Object;[Ljava/lang/Object;II)I @ 46 c2
Event: 7985.054 Thread 0x00000228bfbdf800 DEOPT PACKING pc=0x00000228ae4384d4 sp=0x00000042a4ffc430
Event: 7985.054 Thread 0x00000228bfbdf800 DEOPT UNPACKING pc=0x00000228a61da1af sp=0x00000042a4ffc3f0 mode 2
Event: 7985.054 Thread 0x00000228bfbdf800 Uncommon trap: trap_request=0xffffffc6 fr.pc=0x00000228ae4384d4 relative=0x0000000000000874
Event: 7985.054 Thread 0x00000228bfbdf800 Uncommon trap: reason=bimorphic_or_optimized_type_check action=maybe_recompile pc=0x00000228ae4384d4 method=java.util.concurrent.CopyOnWriteArrayList.indexOfRange(Ljava/lang/Object;[Ljava/lang/Object;II)I @ 46 c2
Event: 7985.054 Thread 0x00000228bfbdf800 DEOPT PACKING pc=0x00000228ae4384d4 sp=0x00000042a4ffc430
Event: 7985.054 Thread 0x00000228bfbdf800 DEOPT UNPACKING pc=0x00000228a61da1af sp=0x00000042a4ffc3f0 mode 2
Event: 7985.054 Thread 0x00000228bfbdf800 Uncommon trap: trap_request=0xffffffc6 fr.pc=0x00000228ae4384d4 relative=0x0000000000000874
Event: 7985.054 Thread 0x00000228bfbdf800 Uncommon trap: reason=bimorphic_or_optimized_type_check action=maybe_recompile pc=0x00000228ae4384d4 method=java.util.concurrent.CopyOnWriteArrayList.indexOfRange(Ljava/lang/Object;[Ljava/lang/Object;II)I @ 46 c2
Event: 7985.054 Thread 0x00000228bfbdf800 DEOPT PACKING pc=0x00000228ae4384d4 sp=0x00000042a4ffc1f0
Event: 7985.054 Thread 0x00000228bfbdf800 DEOPT UNPACKING pc=0x00000228a61da1af sp=0x00000042a4ffc1b0 mode 2
Event: 7985.054 Thread 0x00000228bfbdf800 Uncommon trap: trap_request=0xffffffc6 fr.pc=0x00000228ae4384d4 relative=0x0000000000000874
Event: 7985.054 Thread 0x00000228bfbdf800 Uncommon trap: reason=bimorphic_or_optimized_type_check action=maybe_recompile pc=0x00000228ae4384d4 method=java.util.concurrent.CopyOnWriteArrayList.indexOfRange(Ljava/lang/Object;[Ljava/lang/Object;II)I @ 46 c2
Event: 7985.054 Thread 0x00000228bfbdf800 DEOPT PACKING pc=0x00000228ae4384d4 sp=0x00000042a4ffbe80
Event: 7985.054 Thread 0x00000228bfbdf800 DEOPT UNPACKING pc=0x00000228a61da1af sp=0x00000042a4ffbe40 mode 2

Classes redefined (0 events):
No events

Internal exceptions (20 events):
Event: 2214.343 Thread 0x00000228bfbe1000 Exception <a 'java/io/FileNotFoundException'{0x00000000ab905148}> (0x00000000ab905148) thrown at [./src/hotspot/share/prims/jni.cpp, line 615]
Event: 2214.450 Thread 0x00000228c22d3000 Exception <a 'java/lang/NoSuchMethodError'{0x00000000ab9598e8}: <clinit>> (0x00000000ab9598e8) thrown at [./src/hotspot/share/prims/jni.cpp, line 1365]
Event: 2214.453 Thread 0x00000228c22d3000 Exception <a 'java/lang/NoSuchMethodError'{0x00000000ab96bb88}: <clinit>> (0x00000000ab96bb88) thrown at [./src/hotspot/share/prims/jni.cpp, line 1365]
Event: 2214.467 Thread 0x00000228c22d3000 Exception <a 'java/lang/NoSuchMethodError'{0x00000000ab996060}: <clinit>> (0x00000000ab996060) thrown at [./src/hotspot/share/prims/jni.cpp, line 1365]
Event: 2214.469 Thread 0x00000228c22d3000 Exception <a 'java/lang/NoSuchMethodError'{0x00000000ab9995c0}: <clinit>> (0x00000000ab9995c0) thrown at [./src/hotspot/share/prims/jni.cpp, line 1365]
Event: 2214.486 Thread 0x00000228c22d3000 Exception <a 'java/lang/NoSuchMethodError'{0x00000000ab9fa708}: <clinit>> (0x00000000ab9fa708) thrown at [./src/hotspot/share/prims/jni.cpp, line 1365]
Event: 2214.520 Thread 0x00000228c22d3000 Exception <a 'java/lang/NoSuchMethodError'{0x00000000ab861ee8}: <clinit>> (0x00000000ab861ee8) thrown at [./src/hotspot/share/prims/jni.cpp, line 1365]
Event: 2218.748 Thread 0x00000228c22d3000 Exception <a 'sun/nio/fs/WindowsException'{0x00000000af3256a8}> (0x00000000af3256a8) thrown at [./src/hotspot/share/prims/jni.cpp, line 615]
Event: 2218.751 Thread 0x00000228c22d3000 Exception <a 'sun/nio/fs/WindowsException'{0x00000000af3265e0}> (0x00000000af3265e0) thrown at [./src/hotspot/share/prims/jni.cpp, line 615]
Event: 7955.662 Thread 0x00000228bfbdf800 Implicit null exception at 0x00000228ae3dd44f to 0x00000228ae3e11b8
Event: 7959.453 Thread 0x00000228bfbdf800 Implicit null exception at 0x00000228ae09dc74 to 0x00000228ae0a4bc6
Event: 7984.877 Thread 0x00000228bfbdf800 Exception <a 'java/lang/reflect/InvocationTargetException'{0x00000000adadc560}> (0x00000000adadc560) thrown at [./src/hotspot/share/runtime/reflection.cpp, line 1247]
Event: 7984.958 Thread 0x00000228bfbdf800 Exception <a 'sun/nio/fs/WindowsException'{0x00000000ad8b1138}> (0x00000000ad8b1138) thrown at [./src/hotspot/share/prims/jni.cpp, line 615]
Event: 7984.962 Thread 0x00000228bfbdf800 Exception <a 'sun/nio/fs/WindowsException'{0x00000000ad8b2070}> (0x00000000ad8b2070) thrown at [./src/hotspot/share/prims/jni.cpp, line 615]
Event: 7984.982 Thread 0x00000228bfbdf800 Implicit null exception at 0x00000228ae3f881b to 0x00000228ae3fb434
Event: 7985.144 Thread 0x00000228bfbe0000 Exception <a 'java/lang/NoSuchMethodError'{0x00000000ad577a38}: <clinit>> (0x00000000ad577a38) thrown at [./src/hotspot/share/prims/jni.cpp, line 1365]
Event: 7985.147 Thread 0x00000228bfbe0000 Exception <a 'java/lang/NoSuchMethodError'{0x00000000ad58af60}: <clinit>> (0x00000000ad58af60) thrown at [./src/hotspot/share/prims/jni.cpp, line 1365]
Event: 7985.147 Thread 0x00000228bfbe0000 Exception <a 'java/lang/NoSuchMethodError'{0x00000000ad58c648}: <clinit>> (0x00000000ad58c648) thrown at [./src/hotspot/share/prims/jni.cpp, line 1365]
Event: 7985.150 Thread 0x00000228bfbe0000 Exception <a 'java/lang/NoSuchMethodError'{0x00000000ad59ed58}: <clinit>> (0x00000000ad59ed58) thrown at [./src/hotspot/share/prims/jni.cpp, line 1365]
Event: 7985.151 Thread 0x00000228bfbe0000 Exception <a 'java/lang/NoSuchMethodError'{0x00000000ad5aaea8}: <clinit>> (0x00000000ad5aaea8) thrown at [./src/hotspot/share/prims/jni.cpp, line 1365]

Events (20 events):
Event: 8078.845 Executing VM operation: BulkRevokeBias done
Event: 8079.418 Executing VM operation: RevokeBias
Event: 8079.418 Executing VM operation: RevokeBias done
Event: 8079.421 Thread 0x00000228c22dd000 Thread added: 0x00000228c22dd000
Event: 8079.421 Thread 0x00000228bfbe0000 Thread added: 0x00000228bfbe0000
Event: 8079.422 Thread 0x00000228bfbdd000 Thread added: 0x00000228bfbdd000
Event: 8079.444 Executing VM operation: RevokeBias
Event: 8079.446 Executing VM operation: RevokeBias done
Event: 8079.446 Executing VM operation: RevokeBias
Event: 8079.447 Executing VM operation: RevokeBias done
Event: 8079.504 Executing VM operation: RevokeBias
Event: 8079.505 Executing VM operation: RevokeBias done
Event: 8080.677 Thread 0x00000228bfbe3800 Thread added: 0x00000228bfbe3800
Event: 8080.759 Executing VM operation: RevokeBias
Event: 8080.759 Executing VM operation: RevokeBias done
Event: 8080.789 loading class org/gradle/internal/typeconversion/NotationConverterToNotationParserAdapter$1
Event: 8080.789 loading class org/gradle/internal/typeconversion/NotationConverterToNotationParserAdapter$1 done
Event: 8081.043 Thread 0x00000228bfbe1000 Thread added: 0x00000228bfbe1000
Event: 8081.078 Thread 0x00000228bfbde000 Thread added: 0x00000228bfbde000
Event: 8081.078 Thread 0x00000228bfbdf800 Thread added: 0x00000228bfbdf800


Dynamic libraries:
0x00007ff640f60000 - 0x00007ff640f6a000 	C:\Program Files\Android\Android Studio1\jre\bin\java.exe
0x00007ffe42650000 - 0x00007ffe42848000 	C:\windows\SYSTEM32\ntdll.dll
0x00007ffe41bd0000 - 0x00007ffe41c8d000 	C:\windows\System32\KERNEL32.DLL
0x00007ffe40150000 - 0x00007ffe4041e000 	C:\windows\System32\KERNELBASE.dll
0x00007ffe3fe80000 - 0x00007ffe3ff80000 	C:\windows\System32\ucrtbase.dll
0x00007ffe18f20000 - 0x00007ffe18f37000 	C:\Program Files\Android\Android Studio1\jre\bin\VCRUNTIME140.dll
0x00007ffe18f40000 - 0x00007ffe18f59000 	C:\Program Files\Android\Android Studio1\jre\bin\jli.dll
0x00007ffe41160000 - 0x00007ffe41300000 	C:\windows\System32\USER32.dll
0x00007ffe40420000 - 0x00007ffe40442000 	C:\windows\System32\win32u.dll
0x00007ffe41590000 - 0x00007ffe415ba000 	C:\windows\System32\GDI32.dll
0x00007ffe2ce10000 - 0x00007ffe2d0aa000 	C:\windows\WinSxS\amd64_microsoft.windows.common-controls_6595b64144ccf1df_6.0.19041.1110_none_60b5254171f9507e\COMCTL32.dll
0x00007ffe3fd70000 - 0x00007ffe3fe7b000 	C:\windows\System32\gdi32full.dll
0x00007ffe41d00000 - 0x00007ffe41d9e000 	C:\windows\System32\msvcrt.dll
0x00007ffe400b0000 - 0x00007ffe4014d000 	C:\windows\System32\msvcp_win.dll
0x00007ffe415c0000 - 0x00007ffe415f0000 	C:\windows\System32\IMM32.DLL
0x00007ffde6960000 - 0x00007ffde69fd000 	C:\Program Files\Android\Android Studio1\jre\bin\msvcp140.dll
0x00007ffde01f0000 - 0x00007ffde0cd5000 	C:\Program Files\Android\Android Studio1\jre\bin\server\jvm.dll
0x00007ffe41920000 - 0x00007ffe419ce000 	C:\windows\System32\ADVAPI32.dll
0x00007ffe40e00000 - 0x00007ffe40e9c000 	C:\windows\System32\sechost.dll
0x00007ffe40ea0000 - 0x00007ffe40fc5000 	C:\windows\System32\RPCRT4.dll
0x00007ffe42100000 - 0x00007ffe42108000 	C:\windows\System32\PSAPI.DLL
0x00007ffe36490000 - 0x00007ffe364b7000 	C:\windows\SYSTEM32\WINMM.dll
0x00007ffe364f0000 - 0x00007ffe364f9000 	C:\windows\SYSTEM32\WSOCK32.dll
0x00007ffe41a30000 - 0x00007ffe41a9b000 	C:\windows\System32\WS2_32.dll
0x00007ffe36480000 - 0x00007ffe3648a000 	C:\windows\SYSTEM32\VERSION.dll
0x00007ffe3dc60000 - 0x00007ffe3dc72000 	C:\windows\SYSTEM32\kernel.appcore.dll
0x00007ffe29b50000 - 0x00007ffe29b61000 	C:\Program Files\Android\Android Studio1\jre\bin\verify.dll
0x00007ffe2d0b0000 - 0x00007ffe2d294000 	C:\windows\SYSTEM32\DBGHELP.DLL
0x00007ffe2ae80000 - 0x00007ffe2aeac000 	C:\windows\SYSTEM32\dbgcore.DLL
0x00007ffe3ffb0000 - 0x00007ffe40032000 	C:\windows\System32\bcryptPrimitives.dll
0x00007ffe27e00000 - 0x00007ffe27e29000 	C:\Program Files\Android\Android Studio1\jre\bin\java.dll
0x00007ffe34220000 - 0x00007ffe3422b000 	C:\Program Files\Android\Android Studio1\jre\bin\jimage.dll
0x00007ffe27d00000 - 0x00007ffe27d18000 	C:\Program Files\Android\Android Studio1\jre\bin\zip.dll
0x00007ffe406b0000 - 0x00007ffe40df3000 	C:\windows\System32\SHELL32.dll
0x00007ffe3de60000 - 0x00007ffe3e5f5000 	C:\windows\SYSTEM32\windows.storage.dll
0x00007ffe41da0000 - 0x00007ffe420f4000 	C:\windows\System32\combase.dll
0x00007ffe3f700000 - 0x00007ffe3f730000 	C:\windows\SYSTEM32\Wldp.dll
0x00007ffe410b0000 - 0x00007ffe4115d000 	C:\windows\System32\SHCORE.dll
0x00007ffe41c90000 - 0x00007ffe41ce5000 	C:\windows\System32\shlwapi.dll
0x00007ffe3fcb0000 - 0x00007ffe3fccf000 	C:\windows\SYSTEM32\profapi.dll
0x00007ffe27bb0000 - 0x00007ffe27bca000 	C:\Program Files\Android\Android Studio1\jre\bin\net.dll
0x00007ffe2ab00000 - 0x00007ffe2ac0a000 	C:\windows\SYSTEM32\WINHTTP.dll
0x00007ffe3f460000 - 0x00007ffe3f4ca000 	C:\windows\system32\mswsock.dll
0x00007ffe1efa0000 - 0x00007ffe1efb4000 	C:\Program Files\Android\Android Studio1\jre\bin\nio.dll
0x00007ffe18ef0000 - 0x00007ffe18f16000 	C:\Users\chris\.gradle\native\29\windows-amd64\native-platform.dll
0x00007ffe27df0000 - 0x00007ffe27dfa000 	C:\Program Files\Android\Android Studio1\jre\bin\management.dll
0x00007ffe27cf0000 - 0x00007ffe27cfd000 	C:\Program Files\Android\Android Studio1\jre\bin\management_ext.dll
0x00007ffe3f650000 - 0x00007ffe3f668000 	C:\windows\SYSTEM32\CRYPTSP.dll
0x00007ffe3ede0000 - 0x00007ffe3ee14000 	C:\windows\system32\rsaenh.dll
0x00007ffe3ff80000 - 0x00007ffe3ffa7000 	C:\windows\System32\bcrypt.dll
0x00007ffe3fc30000 - 0x00007ffe3fc5e000 	C:\windows\SYSTEM32\USERENV.dll
0x00007ffe3f670000 - 0x00007ffe3f67c000 	C:\windows\SYSTEM32\CRYPTBASE.dll
0x00007ffe3f150000 - 0x00007ffe3f18b000 	C:\windows\SYSTEM32\IPHLPAPI.DLL
0x00007ffe41cf0000 - 0x00007ffe41cf8000 	C:\windows\System32\NSI.dll
0x00007ffe33e50000 - 0x00007ffe33e67000 	C:\windows\SYSTEM32\dhcpcsvc6.DLL
0x00007ffe34180000 - 0x00007ffe3419d000 	C:\windows\SYSTEM32\dhcpcsvc.DLL
0x00007ffe3f190000 - 0x00007ffe3f25a000 	C:\windows\SYSTEM32\DNSAPI.dll
0x00007ffe107c0000 - 0x00007ffe107e7000 	C:\Program Files\Android\Android Studio1\jre\bin\sunec.dll
0x00007ffe37540000 - 0x00007ffe3754a000 	C:\Windows\System32\rasadhlp.dll
0x00007ffe24a10000 - 0x00007ffe24a90000 	C:\windows\System32\fwpuclnt.dll

dbghelp: loaded successfully - version: 4.0.5 - missing functions: none
symbol engine: initialized successfully - sym options: 0x614 - pdb path: .;C:\Program Files\Android\Android Studio1\jre\bin;C:\windows\SYSTEM32;C:\windows\WinSxS\amd64_microsoft.windows.common-controls_6595b64144ccf1df_6.0.19041.1110_none_60b5254171f9507e;C:\Program Files\Android\Android Studio1\jre\bin\server;C:\Users\chris\.gradle\native\29\windows-amd64

VM Arguments:
jvm_args: --add-opens=java.base/java.util=ALL-UNNAMED --add-opens=java.base/java.lang=ALL-UNNAMED --add-opens=java.base/java.lang.invoke=ALL-UNNAMED --add-opens=java.prefs/java.util.prefs=ALL-UNNAMED -Xmx1536M -Dfile.encoding=windows-1252 -Duser.country=US -Duser.language=en -Duser.variant 
java_command: org.gradle.launcher.daemon.bootstrap.GradleDaemon 5.4.1
java_class_path (initial): C:\Users\chris\.gradle\wrapper\dists\gradle-5.4.1-all\3221gyojl5jsh0helicew7rwx\gradle-5.4.1\lib\gradle-launcher-5.4.1.jar
Launcher Type: SUN_STANDARD

[Global flags]
     intx CICompilerCount                          = 3                                         {product} {ergonomic}
     uint ConcGCThreads                            = 1                                         {product} {ergonomic}
     uint G1ConcRefinementThreads                  = 4                                         {product} {ergonomic}
   size_t G1HeapRegionSize                         = 1048576                                   {product} {ergonomic}
    uintx GCDrainStackTargetSize                   = 64                                        {product} {ergonomic}
   size_t InitialHeapSize                          = 100663296                                 {product} {ergonomic}
   size_t MarkStackSize                            = 4194304                                   {product} {ergonomic}
   size_t MaxHeapSize                              = 1610612736                                {product} {command line}
   size_t MaxNewSize                               = 965738496                                 {product} {ergonomic}
   size_t MinHeapDeltaBytes                        = 1048576                                   {product} {ergonomic}
    uintx NonNMethodCodeHeapSize                   = 5830732                                {pd product} {ergonomic}
    uintx NonProfiledCodeHeapSize                  = 122913754                              {pd product} {ergonomic}
    uintx ProfiledCodeHeapSize                     = 122913754                              {pd product} {ergonomic}
    uintx ReservedCodeCacheSize                    = 251658240                              {pd product} {ergonomic}
     bool SegmentedCodeCache                       = true                                      {product} {ergonomic}
     bool UseCompressedClassPointers               = true                                 {lp64_product} {ergonomic}
     bool UseCompressedOops                        = true                                 {lp64_product} {ergonomic}
     bool UseG1GC                                  = true                                      {product} {ergonomic}
     bool UseLargePagesIndividualAllocation        = false                                  {pd product} {ergonomic}

Logging:
Log output configuration:
 #0: stdout all=warning uptime,level,tags
 #1: stderr all=off uptime,level,tags

Environment Variables:
JAVA_HOME=C:\Program Files\Android\Android Studio1\jre
CLASSPATH=C:\Users\chris\StudioProjects\Clima-Flutter\android\\gradle\wrapper\gradle-wrapper.jar
PATH=C:\Program Files (x86)\Common Files\Intel\Shared Libraries\redist\intel64\compiler;C:\Program Files (x86)\NVIDIA Corporation\PhysX\Common;C:\windows\system32;C:\windows;C:\windows\System32\Wbem;C:\windows\System32\WindowsPowerShell\v1.0\;C:\windows\System32\OpenSSH\;C:\Program Files\MongoDB\Server\5.0\bin;C:\Program Files\nodejs\;C:\Program Files\Git\cmd;C:\Users\chris\AppData\Local\Programs\Python\Python39\Scripts\;C:\Users\chris\AppData\Local\Programs\Python\Python39\;C:\Users\chris\AppData\Local\Microsoft\WindowsApps;C:\Users\chris\AppData\Local\Programs\Microsoft VS Code\bin;C:\Users\chris\AppData\Roaming\npm;C:\flutter\bin;;C:\flutter\bin\mingit\cmd
USERNAME=chris
OS=Windows_NT
PROCESSOR_IDENTIFIER=AMD64 Family 23 Model 24 Stepping 1, AuthenticAMD



---------------  S Y S T E M  ---------------

OS: Windows 10 , 64 bit Build 19041 (10.0.19041.1889)
OS uptime: 0 days 8:55 hours

CPU:total 4 (initial active 4) (4 cores per cpu, 2 threads per core) family 23 model 24 stepping 1 microcode 0x0, cmov, cx8, fxsr, mmx, sse, sse2, sse3, ssse3, sse4.1, sse4.2, popcnt, avx, avx2, aes, clmul, mmxext, 3dnowpref, lzcnt, sse4a, ht, tsc, tscinvbit, tscinv, bmi1, bmi2, adx, sha, fma

Memory: 4k page, system-wide physical 6023M (25M free)
TotalPageFile size 24455M (AvailPageFile size 2M)
current process WorkingSet (physical memory assigned to process): 223M, peak: 450M
current process commit charge ("private bytes"): 528M, peak: 561M

vm_info: OpenJDK 64-Bit Server VM (11.0.12+7-b1504.28-7817840) for windows-amd64 JRE (11.0.12+7-b1504.28-7817840), built on Oct 13 2021 22:12:33 by "builder" with MS VC++ 14.0 (VS2015)

END.
