#
# There is insufficient memory for the Java Runtime Environment to continue.
# Native memory allocation (mmap) failed to map 100663296 bytes for Failed to commit area from 0x00000000a1e00000 to 0x00000000a7e00000 of length 100663296.
# Possible reasons:
#   The system is out of physical RAM or swap space
#   The process is running with CompressedOops enabled, and the Java Heap may be blocking the growth of the native heap
# Possible solutions:
#   Reduce memory load on the system
#   Increase physical memory or swap space
#   Check if swap backing store is full
#   Decrease Java heap size (-Xmx/-Xms)
#   Decrease number of Java threads
#   Decrease Java thread stack sizes (-Xss)
#   Set larger code cache with -XX:ReservedCodeCacheSize=
# This output file may be truncated or incomplete.
#
#  Out of Memory Error (./src/hotspot/os/windows/os_windows.cpp:3521), pid=12416, tid=11628
#
# JRE version:  (11.0.12+7) (build )
# Java VM: OpenJDK 64-Bit Server VM (11.0.12+7-b1504.28-7817840, mixed mode, sharing, tiered, compressed oops, g1 gc, windows-amd64)
# No core dump will be written. Minidumps are not enabled by default on client versions of Windows
#

---------------  S U M M A R Y ------------

Command Line: 

Host: AMD Ryzen 3 3250U with Radeon Graphics         , 4 cores, 5G,  Windows 10 , 64 bit Build 19041 (10.0.19041.1889)
Time: Sun Oct 16 19:35:29 2022 SE Asia Standard Time elapsed time: 0.089924 seconds (0d 0h 0m 0s)

---------------  T H R E A D  ---------------

Current thread (0x000002622f5fa000):  JavaThread "Unknown thread" [_thread_in_vm, id=11628, stack(0x0000009d8ad00000,0x0000009d8ae00000)]

Stack: [0x0000009d8ad00000,0x0000009d8ae00000]
Native frames: (J=compiled Java code, j=interpreted, Vv=VM code, C=native code)
V  [jvm.dll+0x5fbcea]
V  [jvm.dll+0x731905]
V  [jvm.dll+0x732f1d]
V  [jvm.dll+0x7335d3]
V  [jvm.dll+0x247bf8]
V  [jvm.dll+0x5f90b4]
V  [jvm.dll+0x5edc85]
V  [jvm.dll+0x305aeb]
V  [jvm.dll+0x305a5a]
V  [jvm.dll+0x305932]
V  [jvm.dll+0x30a896]
V  [jvm.dll+0x353803]
V  [jvm.dll+0x353f06]
V  [jvm.dll+0x353903]
V  [jvm.dll+0x2e0678]
V  [jvm.dll+0x2e1827]
V  [jvm.dll+0x710037]
V  [jvm.dll+0x71182c]
V  [jvm.dll+0x360da9]
V  [jvm.dll+0x6f390e]
V  [jvm.dll+0x3c9723]
V  [jvm.dll+0x3cb9b1]
C  [jli.dll+0x536b]
C  [ucrtbase.dll+0x21bb2]
C  [KERNEL32.DLL+0x17034]
C  [ntdll.dll+0x526a1]


---------------  P R O C E S S  ---------------

Threads class SMR info:
_java_thread_list=0x000002622f500b60, length=0, elements={
}

Java Threads: ( => current thread )

Other Threads:
  0x000002622f612000 GCTaskThread "GC Thread#0" [stack: 0x0000009d8ae00000,0x0000009d8af00000] [id=11656]
  0x000002622f637800 ConcurrentGCThread "G1 Main Marker" [stack: 0x0000009d8af00000,0x0000009d8b000000] [id=10448]
  0x000002622f639800 ConcurrentGCThread "G1 Conc#0" [stack: 0x0000009d8b000000,0x0000009d8b100000] [id=1688]

[error occurred during error reporting (printing all threads), id 0xc0000005, EXCEPTION_ACCESS_VIOLATION (0xc0000005) at pc=0x00007ffde04e0be7]

VM state:not at safepoint (not fully initialized)

VM Mutex/Monitor currently owned by a thread:  ([mutex/lock_event])
[0x000002622f5f6190] Heap_lock - owner thread: 0x000002622f5fa000

Heap address: 0x00000000a1e00000, size: 1506 MB, Compressed Oops mode: Non-zero based: 0x00000000a1e00000
Narrow klass base: 0x0000000000000000, Narrow klass shift: 0

GC Heap History (0 events):
No events

Deoptimization events (0 events):
No events

Classes redefined (0 events):
No events

Internal exceptions (0 events):
No events

Events (1 events):
Event: 0.037 Loaded shared library C:\Program Files\Android\Android Studio1\jre\bin\zip.dll


Dynamic libraries:
0x00007ff640f60000 - 0x00007ff640f6a000 	C:\Program Files\Android\Android Studio1\jre\bin\java.EXE
0x00007ffe42650000 - 0x00007ffe42848000 	C:\windows\SYSTEM32\ntdll.dll
0x00007ffe41bd0000 - 0x00007ffe41c8d000 	C:\windows\System32\KERNEL32.DLL
0x00007ffe40150000 - 0x00007ffe4041e000 	C:\windows\System32\KERNELBASE.dll
0x00007ffe3fe80000 - 0x00007ffe3ff80000 	C:\windows\System32\ucrtbase.dll
0x00007ffe18f40000 - 0x00007ffe18f59000 	C:\Program Files\Android\Android Studio1\jre\bin\jli.dll
0x00007ffe18f20000 - 0x00007ffe18f37000 	C:\Program Files\Android\Android Studio1\jre\bin\VCRUNTIME140.dll
0x00007ffe41160000 - 0x00007ffe41300000 	C:\windows\System32\USER32.dll
0x00007ffe40420000 - 0x00007ffe40442000 	C:\windows\System32\win32u.dll
0x00007ffe41590000 - 0x00007ffe415ba000 	C:\windows\System32\GDI32.dll
0x00007ffe3fd70000 - 0x00007ffe3fe7b000 	C:\windows\System32\gdi32full.dll
0x00007ffe400b0000 - 0x00007ffe4014d000 	C:\windows\System32\msvcp_win.dll
0x00007ffe2ce10000 - 0x00007ffe2d0aa000 	C:\windows\WinSxS\amd64_microsoft.windows.common-controls_6595b64144ccf1df_6.0.19041.1110_none_60b5254171f9507e\COMCTL32.dll
0x00007ffe41d00000 - 0x00007ffe41d9e000 	C:\windows\System32\msvcrt.dll
0x00007ffe415c0000 - 0x00007ffe415f0000 	C:\windows\System32\IMM32.DLL
0x00007ffde6960000 - 0x00007ffde69fd000 	C:\Program Files\Android\Android Studio1\jre\bin\msvcp140.dll
0x00007ffde01f0000 - 0x00007ffde0cd5000 	C:\Program Files\Android\Android Studio1\jre\bin\server\jvm.dll
0x00007ffe41920000 - 0x00007ffe419ce000 	C:\windows\System32\ADVAPI32.dll
0x00007ffe40e00000 - 0x00007ffe40e9c000 	C:\windows\System32\sechost.dll
0x00007ffe40ea0000 - 0x00007ffe40fc5000 	C:\windows\System32\RPCRT4.dll
0x00007ffe42100000 - 0x00007ffe42108000 	C:\windows\System32\PSAPI.DLL
0x00007ffe364f0000 - 0x00007ffe364f9000 	C:\windows\SYSTEM32\WSOCK32.dll
0x00007ffe41a30000 - 0x00007ffe41a9b000 	C:\windows\System32\WS2_32.dll
0x00007ffe36490000 - 0x00007ffe364b7000 	C:\windows\SYSTEM32\WINMM.dll
0x00007ffe36480000 - 0x00007ffe3648a000 	C:\windows\SYSTEM32\VERSION.dll
0x00007ffe3dc60000 - 0x00007ffe3dc72000 	C:\windows\SYSTEM32\kernel.appcore.dll
0x00007ffe29b50000 - 0x00007ffe29b61000 	C:\Program Files\Android\Android Studio1\jre\bin\verify.dll
0x00007ffe2d0b0000 - 0x00007ffe2d294000 	C:\windows\SYSTEM32\DBGHELP.DLL
0x00007ffe2ae80000 - 0x00007ffe2aeac000 	C:\windows\SYSTEM32\dbgcore.DLL
0x00007ffe3ffb0000 - 0x00007ffe40032000 	C:\windows\System32\bcryptPrimitives.dll
0x00007ffe27e00000 - 0x00007ffe27e29000 	C:\Program Files\Android\Android Studio1\jre\bin\java.dll
0x00007ffe34220000 - 0x00007ffe3422b000 	C:\Program Files\Android\Android Studio1\jre\bin\jimage.dll
0x00007ffe27d00000 - 0x00007ffe27d18000 	C:\Program Files\Android\Android Studio1\jre\bin\zip.dll

dbghelp: loaded successfully - version: 4.0.5 - missing functions: none
symbol engine: initialized successfully - sym options: 0x614 - pdb path: .;C:\Program Files\Android\Android Studio1\jre\bin;C:\windows\SYSTEM32;C:\windows\WinSxS\amd64_microsoft.windows.common-controls_6595b64144ccf1df_6.0.19041.1110_none_60b5254171f9507e;C:\Program Files\Android\Android Studio1\jre\bin\server

VM Arguments:
java_command: <unknown>
java_class_path (initial): <not set>
Launcher Type: SUN_STANDARD

[Global flags]
     intx CICompilerCount                          = 3                                         {product} {ergonomic}
     uint ConcGCThreads                            = 1                                         {product} {ergonomic}
     uint G1ConcRefinementThreads                  = 4                                         {product} {ergonomic}
   size_t G1HeapRegionSize                         = 1048576                                   {product} {ergonomic}
    uintx GCDrainStackTargetSize                   = 64                                        {product} {ergonomic}
   size_t InitialHeapSize                          = 100663296                                 {product} {ergonomic}
   size_t MarkStackSize                            = 4194304                                   {product} {ergonomic}
   size_t MaxHeapSize                              = 1579155456                                {product} {ergonomic}
   size_t MinHeapDeltaBytes                        = 1048576                                   {product} {ergonomic}
    uintx NonNMethodCodeHeapSize                   = 5830732                                {pd product} {ergonomic}
    uintx NonProfiledCodeHeapSize                  = 122913754                              {pd product} {ergonomic}
    uintx ProfiledCodeHeapSize                     = 122913754                              {pd product} {ergonomic}
    uintx ReservedCodeCacheSize                    = 251658240                              {pd product} {ergonomic}
     bool SegmentedCodeCache                       = true                                      {product} {ergonomic}
     bool UseCompressedClassPointers               = true                                 {lp64_product} {ergonomic}
     bool UseCompressedOops                        = true                                 {lp64_product} {ergonomic}
     bool UseG1GC                                  = true                                      {product} {ergonomic}
     bool UseLargePagesIndividualAllocation        = false                                  {pd product} {ergonomic}

Logging:
Log output configuration:
 #0: stdout all=warning uptime,level,tags
 #1: stderr all=off uptime,level,tags

Environment Variables:
PATH=C:\Program Files (x86)\Common Files\Intel\Shared Libraries\redist\intel64\compiler;C:\Program Files (x86)\NVIDIA Corporation\PhysX\Common;C:\windows\system32;C:\windows;C:\windows\System32\Wbem;C:\windows\System32\WindowsPowerShell\v1.0\;C:\windows\System32\OpenSSH\;C:\Program Files\MongoDB\Server\5.0\bin;C:\Program Files\nodejs\;C:\Program Files\Git\cmd;C:\Users\chris\AppData\Local\Programs\Python\Python39\Scripts\;C:\Users\chris\AppData\Local\Programs\Python\Python39\;C:\Users\chris\AppData\Local\Microsoft\WindowsApps;C:\Users\chris\AppData\Local\Programs\Microsoft VS Code\bin;C:\Users\chris\AppData\Roaming\npm;C:\flutter\bin;;C:\flutter\bin\mingit\cmd
USERNAME=chris
OS=Windows_NT
PROCESSOR_IDENTIFIER=AMD64 Family 23 Model 24 Stepping 1, AuthenticAMD



---------------  S Y S T E M  ---------------

OS: Windows 10 , 64 bit Build 19041 (10.0.19041.1889)
OS uptime: 0 days 8:52 hours

CPU:total 4 (initial active 4) (4 cores per cpu, 2 threads per core) family 23 model 24 stepping 1 microcode 0x0, cmov, cx8, fxsr, mmx, sse, sse2, sse3, ssse3, sse4.1, sse4.2, popcnt, avx, avx2, aes, clmul, mmxext, 3dnowpref, lzcnt, sse4a, ht, tsc, tscinvbit, tscinv, bmi1, bmi2, adx, sha, fma

Memory: 4k page, system-wide physical 6023M (271M free)
TotalPageFile size 24455M (AvailPageFile size 102M)
current process WorkingSet (physical memory assigned to process): 9M, peak: 9M
current process commit charge ("private bytes"): 51M, peak: 147M

vm_info: OpenJDK 64-Bit Server VM (11.0.12+7-b1504.28-7817840) for windows-amd64 JRE (11.0.12+7-b1504.28-7817840), built on Oct 13 2021 22:12:33 by "builder" with MS VC++ 14.0 (VS2015)

END.
